#
# A fatal error has been detected by the Java Runtime Environment:
#
#  SIGSEGV (0xb) at pc=0x0000000107c35b43, pid=5587, tid=29451
#
# JRE version: Java(TM) SE Runtime Environment (17.0.5+9) (build 17.0.5+9-LTS-191)
# Java VM: Java HotSpot(TM) 64-Bit Server VM (17.0.5+9-LTS-191, mixed mode, sharing, tiered, compressed oops, compressed class ptrs, g1 gc, bsd-amd64)
# Problematic frame:
# V  [libjvm.dylib+0x55db43]  jni_DeleteGlobalRef+0xb3
#
# No core dump will be written. Core dumps have been disabled. To enable core dumping, try "ulimit -c unlimited" before starting Java again
#
# If you would like to submit a bug report, please visit:
#   https://bugreport.java.com/bugreport/crash.jsp
# The crash happened outside the Java Virtual Machine in native code.
# See problematic frame for where to report the bug.
#

---------------  S U M M A R Y ------------

Command Line: --module-path=/Users/estebannajera/Documents/UNA/Semestre V/Proyectos-So/Arboretum/target/classes:/Users/estebannajera/.m2/repository/com/fasterxml/jackson/core/jackson-annotations/2.12.4/jackson-annotations-2.12.4.jar:/Users/estebannajera/.m2/repository/com/fasterxml/jackson/core/jackson-core/2.12.4/jackson-core-2.12.4.jar:/Users/estebannajera/.m2/repository/com/fasterxml/jackson/core/jackson-databind/2.12.4/jackson-databind-2.12.4.jar:/Users/estebannajera/.m2/repository/io/github/typhon0/AnimateFX/1.2.4/AnimateFX-1.2.4.jar:/Users/estebannajera/.m2/repository/org/openjfx/javafx-base/13.0.1/javafx-base-13.0.1-mac.jar:/Users/estebannajera/.m2/repository/org/openjfx/javafx-controls/13/javafx-controls-13-mac.jar:/Users/estebannajera/.m2/repository/org/openjfx/javafx-fxml/13/javafx-fxml-13-mac.jar:/Users/estebannajera/.m2/repository/org/openjfx/javafx-graphics/13.0.1/javafx-graphics-13.0.1-mac.jar:/Users/estebannajera/.m2/repository/org/openjfx/javafx-media/13.0.1/javafx-media-13.0.1-mac.jar --add-modules=com.arboretum -Djdk.module.main=com.arboretum com.arboretum/com.arboretum.App

Host: "MacBookAir7,2" x86_64 2200 MHz, 4 cores, 8G, Darwin 21.6.0, macOS 12.6.5 (21G531)
Time: Sun May 14 11:14:09 2023 CST elapsed time: 25.624856 seconds (0d 0h 0m 25s)

---------------  T H R E A D  ---------------

Current thread (0x00007f9d7f1ee400):  JavaThread "InvokeLaterDispatcher" daemon [_thread_in_native, id=29451, stack(0x0000700011182000,0x0000700011282000)]

Stack: [0x0000700011182000,0x0000700011282000],  sp=0x0000700011281950,  free space=1022k
Native frames: (J=compiled Java code, j=interpreted, Vv=VM code, C=native code)
V  [libjvm.dylib+0x55db43]  jni_DeleteGlobalRef+0xb3
C  [libglass.dylib+0x8e55]  -[GlassRunnable dealloc]+0x35
C  [Foundation+0x818be]  -[_NSThreadPerformInfo dealloc]+0x2a
C  [Foundation+0x4e446]  -[NSObject(NSThreadPerformAdditions) performSelectorOnMainThread:withObject:waitUntilDone:]+0x7c
J 3108  com.sun.glass.ui.mac.MacApplication._submitForLaterInvocation(Ljava/lang/Runnable;)V javafx.graphics (0 bytes) @ 0x0000000118f0bae7 [0x0000000118f0ba20+0x00000000000000c7]
J 3107 c1 com.sun.glass.ui.mac.MacApplication.submitForLaterInvocation(Ljava/lang/Runnable;)V javafx.graphics (6 bytes) @ 0x0000000111e58434 [0x0000000111e583c0+0x0000000000000074]
j  com.sun.glass.ui.InvokeLaterDispatcher.run()V+82 javafx.graphics
v  ~StubRoutines::call_stub
V  [libjvm.dylib+0x504f51]  _ZN9JavaCalls11call_helperEP9JavaValueRK12methodHandleP17JavaCallArgumentsP10JavaThread+0x2a1
V  [libjvm.dylib+0x503fc7]  _ZN9JavaCalls12call_virtualEP9JavaValueP5KlassP6SymbolS5_P17JavaCallArgumentsP10JavaThread+0x147
V  [libjvm.dylib+0x504093]  _ZN9JavaCalls12call_virtualEP9JavaValue6HandleP5KlassP6SymbolS6_P10JavaThread+0x63
V  [libjvm.dylib+0x5aca44]  _ZL12thread_entryP10JavaThreadS0_+0xb4
V  [libjvm.dylib+0x9f50a7]  _ZN10JavaThread17thread_main_innerEv+0x147
V  [libjvm.dylib+0x9f368a]  _ZN6Thread8call_runEv+0x11a
V  [libjvm.dylib+0x887048]  _ZL19thread_native_entryP6Thread+0x148
C  [libsystem_pthread.dylib+0x64e1]  _pthread_start+0x7d
C  [libsystem_pthread.dylib+0x1f6b]  thread_start+0xf

Java frames: (J=compiled Java code, j=interpreted, Vv=VM code)
J 3108  com.sun.glass.ui.mac.MacApplication._submitForLaterInvocation(Ljava/lang/Runnable;)V javafx.graphics (0 bytes) @ 0x0000000118f0ba74 [0x0000000118f0ba20+0x0000000000000054]
J 3107 c1 com.sun.glass.ui.mac.MacApplication.submitForLaterInvocation(Ljava/lang/Runnable;)V javafx.graphics (6 bytes) @ 0x0000000111e58434 [0x0000000111e583c0+0x0000000000000074]
j  com.sun.glass.ui.InvokeLaterDispatcher.run()V+82 javafx.graphics
v  ~StubRoutines::call_stub

siginfo: si_signo: 11 (SIGSEGV), si_code: 1 (SEGV_MAPERR), si_addr: 0x0000000000000011

Register to memory mapping:

RAX=0x00006000016184b0 points into unknown readable memory: 0x0000000000000000 | 00 00 00 00 00 00 00 00
RBX=0x00007ff7b9970a70 is pointing into the stack for thread: 0x00007f9d7f1e9400
RCX=0x0000000000000001 is an unknown value
RDX=0x00001ffffffeffff is an unknown value
RSP=0x0000700011281950 is pointing into the stack for thread: 0x00007f9d7f1ee400
RBP=0x0000700011281970 is pointing into the stack for thread: 0x00007f9d7f1ee400
RSI=0x0000000000010000 is an unknown value
RDI=0x00007f9d7ff05880 is a global jni handle
R8 =0x00000000000130a8 is an unknown value
R9 =0x0 is NULL
R10=0x00007ff8033788da: _kernelrpc_mach_port_deallocate_trap+0xa in /usr/lib/system/libsystem_kernel.dylib at 0x00007ff803377000
R11=0x0000000000000202 is an unknown value
R12=0x00007ff81d7d51d0 points into unknown readable memory: 0x6c616564006e7572 | 72 75 6e 00 64 65 61 6c
R13=0x0000600002bceaf0 points into unknown readable memory: 0x001d800109a7b181 | 81 b1 a7 09 01 80 1d 00
R14=0x00007f9d7ff05900 points into unknown readable memory: 0x0000000000000000 | 00 00 00 00 00 00 00 00
R15=0x00007f9d7f1e9400 is a thread


Registers:
RAX=0x00006000016184b0, RBX=0x00007ff7b9970a70, RCX=0x0000000000000001, RDX=0x00001ffffffeffff
RSP=0x0000700011281950, RBP=0x0000700011281970, RSI=0x0000000000010000, RDI=0x00007f9d7ff05880
R8 =0x00000000000130a8, R9 =0x0000000000000000, R10=0x00007ff8033788da, R11=0x0000000000000202
R12=0x00007ff81d7d51d0, R13=0x0000600002bceaf0, R14=0x00007f9d7ff05900, R15=0x00007f9d7f1e9400
RIP=0x0000000107c35b43, EFLAGS=0x0000000000010246, ERR=0x0000000000000006
  TRAPNO=0x000000000000000e

Top of Stack: (sp=0x0000700011281950)
0x0000700011281950:   0000000108325ea0 0000600002bceaf0
0x0000700011281960:   0000600002bceaf8 0000000000000000
0x0000700011281970:   00007000112819a0 0000000109a3fe55
0x0000700011281980:   0000000000000000 0000600002bceb00
0x0000700011281990:   0000600003cc7fc0 00007ff80324b000
0x00007000112819a0:   00007000112819e0 00007ff8042f98be
0x00007000112819b0:   0000600002bceaf0 0000600002bceb00
0x00007000112819c0:   00007ff81d7d51d0 ebc04edab1240088
0x00007000112819d0:   0000600002bceb00 00007ff803248400
0x00007000112819e0:   0000700011281a30 00007ff8042c6446
0x00007000112819f0:   0000600002bceb00 0000600002bceaf0
0x0000700011281a00:   0000000011281a30 000000012be07288
0x0000700011281a10:   0000000000000000 0000700011281ad8
0x0000700011281a20:   0000000800c2b218 00007f9d7f1ee400
0x0000700011281a30:   0000700011281a80 0000000118f0bae7
0x0000700011281a40:   000000078665aeb8 0000000786917f80
0x0000700011281a50:   00007f9d7f1ee400 0000000108d17cae
0x0000700011281a60:   0000000784ab2c20 0000000108d9a880
0x0000700011281a70:   0000700011281b40 0000000111e580ed
0x0000700011281a80:   0000700011281b40 0000000111e58434
0x0000700011281a90:   00000007863ff4f0 0000000784ab2c20
0x0000700011281aa0:   0000700011281b78 00007f9d7f1ee400
0x0000700011281ab0:   0000700011281b40 000000011133642b
0x0000700011281ac0:   0000700011281b40 000000011133688f
0x0000700011281ad0:   000000011133688f 0000000786917f80
0x0000700011281ae0:   000000078665aeb8 0000000000000003
0x0000700011281af0:   0000000000000000 0000700011281ae8
0x0000700011281b00:   0000000108d17ca2 0000700011281b78
0x0000700011281b10:   0000000108d18278 0000000000000000
0x0000700011281b20:   0000000786609090 0000000108d17d40
0x0000700011281b30:   0000700011281ad8 0000700011281b78
0x0000700011281b40:   0000700011281be0 000000011132dcc9 

Instructions: (pc=0x0000000107c35b43)
0x0000000107c35a43:   48 89 41 10 48 8b 43 08 48 8b 4b 18 48 89 48 18
0x0000000107c35a53:   48 8b 43 08 48 8b 4b 20 48 89 48 20 49 8d bc 24
0x0000000107c35a63:   88 02 00 00 4c 89 e6 e8 31 36 e9 ff 41 c7 84 24
0x0000000107c35a73:   38 03 00 00 04 00 00 00 4c 89 f0 48 83 c4 20 5b
0x0000000107c35a83:   41 5c 41 5e 41 5f 5d c3 0f 1f 44 00 00 55 48 89
0x0000000107c35a93:   e5 41 57 41 56 53 50 49 89 ff b8 55 21 ff ff 03
0x0000000107c35aa3:   87 b8 00 00 00 49 89 f6 49 81 c7 58 fd ff ff 83
0x0000000107c35ab3:   f8 02 72 0b 4c 89 ff e8 a1 71 49 00 45 31 ff 41
0x0000000107c35ac3:   c7 87 38 03 00 00 05 00 00 00 f0 83 04 24 00 49
0x0000000107c35ad3:   8b 87 40 03 00 00 48 a9 01 00 00 00 74 0d 4c 89
0x0000000107c35ae3:   ff be 01 00 00 00 e8 f2 9b 3b 00 41 83 bf 2c 03
0x0000000107c35af3:   00 00 00 75 0d 41 f7 87 28 03 00 00 0c 00 00 00
0x0000000107c35b03:   74 0a 4c 89 ff 31 f6 e8 91 88 49 00 41 c7 87 38
0x0000000107c35b13:   03 00 00 06 00 00 00 4c 89 f7 e8 fe 93 03 00 49
0x0000000107c35b23:   8b 9f e8 00 00 00 48 8b 43 10 48 83 38 00 74 0c
0x0000000107c35b33:   48 89 df e8 95 71 f4 ff 48 8b 43 10 48 8b 4b 08
0x0000000107c35b43:   48 89 41 10 48 8b 43 08 48 8b 4b 18 48 89 48 18
0x0000000107c35b53:   48 8b 43 08 48 8b 4b 20 48 89 48 20 49 8d bf 88
0x0000000107c35b63:   02 00 00 4c 89 fe e8 32 35 e9 ff 41 c7 87 38 03
0x0000000107c35b73:   00 00 04 00 00 00 48 83 c4 08 5b 41 5e 41 5f 5d
0x0000000107c35b83:   c3 66 2e 0f 1f 84 00 00 00 00 00 66 90 55 48 89
0x0000000107c35b93:   e5 41 57 41 56 53 50 49 89 ff b8 55 21 ff ff 03
0x0000000107c35ba3:   87 b8 00 00 00 49 89 f6 49 81 c7 58 fd ff ff 83
0x0000000107c35bb3:   f8 02 72 0b 4c 89 ff e8 a1 70 49 00 45 31 ff 41
0x0000000107c35bc3:   c7 87 38 03 00 00 05 00 00 00 f0 83 04 24 00 49
0x0000000107c35bd3:   8b 87 40 03 00 00 48 a9 01 00 00 00 74 0d 4c 89
0x0000000107c35be3:   ff be 01 00 00 00 e8 f2 9a 3b 00 41 83 bf 2c 03
0x0000000107c35bf3:   00 00 00 75 0d 41 f7 87 28 03 00 00 0c 00 00 00
0x0000000107c35c03:   74 0a 4c 89 ff 31 f6 e8 91 87 49 00 41 c7 87 38
0x0000000107c35c13:   03 00 00 06 00 00 00 4d 85 f6 74 0b 4c 89 f7 31
0x0000000107c35c23:   f6 ff 15 b6 f1 6e 00 49 8b 9f e8 00 00 00 48 8b
0x0000000107c35c33:   43 10 48 83 38 00 74 0c 48 89 df e8 8d 70 f4 ff 


Stack slot to memory mapping:
stack at sp + 0 slots: 0x0000000108325ea0: jni_NativeInterface+0 in /Library/Java/JavaVirtualMachines/jdk-17.0.5.jdk/Contents/Home/lib/server/libjvm.dylib at 0x00000001076d8000
stack at sp + 1 slots: 0x0000600002bceaf0 points into unknown readable memory: 0x001d800109a7b181 | 81 b1 a7 09 01 80 1d 00
stack at sp + 2 slots: 0x0000600002bceaf8 points into unknown readable memory: 0x00007f9d7ff05900 | 00 59 f0 7f 9d 7f 00 00
stack at sp + 3 slots: 0x0 is NULL
stack at sp + 4 slots: 0x00007000112819a0 is pointing into the stack for thread: 0x00007f9d7f1ee400
stack at sp + 5 slots: 0x0000000109a3fe55: -[GlassRunnable dealloc]+0x35 in /Users/estebannajera/.openjfx/cache/13.0.1/libglass.dylib at 0x0000000109a37000
stack at sp + 6 slots: 0x0 is NULL
stack at sp + 7 slots: 0x0000600002bceb00 points into unknown readable memory: 0x011dfff844971491 | 91 14 97 44 f8 ff 1d 01


---------------  P R O C E S S  ---------------

Threads class SMR info:
_java_thread_list=0x00006000029d7440, length=18, elements={
0x00007f9d8000a000, 0x00007f9d81084e00, 0x00007f9d81087600, 0x00007f9d81089000,
0x00007f9d8108b200, 0x00007f9d8108a600, 0x00007f9d81085a00, 0x00007f9d80028e00,
0x00007f9d81086000, 0x00007f9d8107e200, 0x00007f9d8108cc00, 0x00007f9d80810400,
0x00007f9d7f1ee400, 0x00007f9d7f1e9400, 0x00007f9d80815200, 0x00007f9d8134e800,
0x00007f9d8135ea00, 0x00007f9d8134b600
}

Java Threads: ( => current thread )
  0x00007f9d8000a000 JavaThread "main" [_thread_blocked, id=9731, stack(0x000070000fcc0000,0x000070000fdc0000)]
  0x00007f9d81084e00 JavaThread "Reference Handler" daemon [_thread_blocked, id=17411, stack(0x00007000103d5000,0x00007000104d5000)]
  0x00007f9d81087600 JavaThread "Finalizer" daemon [_thread_blocked, id=17155, stack(0x00007000104d8000,0x00007000105d8000)]
  0x00007f9d81089000 JavaThread "Signal Dispatcher" daemon [_thread_blocked, id=43267, stack(0x0000700010764000,0x0000700010864000)]
  0x00007f9d8108b200 JavaThread "Service Thread" daemon [_thread_blocked, id=43011, stack(0x0000700010867000,0x0000700010967000)]
  0x00007f9d8108a600 JavaThread "Monitor Deflation Thread" daemon [_thread_blocked, id=24067, stack(0x000070001096a000,0x0000700010a6a000)]
  0x00007f9d81085a00 JavaThread "C2 CompilerThread0" daemon [_thread_blocked, id=24323, stack(0x0000700010a6d000,0x0000700010b6d000)]
  0x00007f9d80028e00 JavaThread "C1 CompilerThread0" daemon [_thread_blocked, id=24835, stack(0x0000700010b70000,0x0000700010c70000)]
  0x00007f9d81086000 JavaThread "Sweeper thread" daemon [_thread_blocked, id=25091, stack(0x0000700010c73000,0x0000700010d73000)]
  0x00007f9d8107e200 JavaThread "Common-Cleaner" daemon [_thread_blocked, id=25347, stack(0x0000700010d76000,0x0000700010e76000)]
  0x00007f9d8108cc00 JavaThread "Notification Thread" daemon [_thread_blocked, id=25603, stack(0x0000700010e79000,0x0000700010f79000)]
  0x00007f9d80810400 JavaThread "QuantumRenderer-0" daemon [_thread_blocked, id=41219, stack(0x000070001107f000,0x000070001117f000)]
=>0x00007f9d7f1ee400 JavaThread "InvokeLaterDispatcher" daemon [_thread_in_native, id=29451, stack(0x0000700011182000,0x0000700011282000)]
  0x00007f9d7f1e9400 JavaThread "JavaFX Application Thread" [_thread_in_native, id=259, stack(0x00007ff7b917f000,0x00007ff7b997f000)]
  0x00007f9d80815200 JavaThread "JavaFX-Launcher" [_thread_blocked, id=53511, stack(0x0000700011717000,0x0000700011817000)]
  0x00007f9d8134e800 JavaThread "PulseTimer-CVDisplayLink thread" daemon [_thread_in_native, id=74243, stack(0x000070001158e000,0x000070001160e000)]
  0x00007f9d8135ea00 JavaThread "Prism Font Disposer" daemon [_thread_blocked, id=57607, stack(0x0000700011b23000,0x0000700011c23000)]
  0x00007f9d8134b600 JavaThread "Cleaner-0" daemon [_thread_blocked, id=68627, stack(0x0000700011ca9000,0x0000700011da9000)]

Other Threads:
  0x00007f9d7ff04550 VMThread "VM Thread" [stack: 0x00007000102d2000,0x00007000103d2000] [id=17923]
  0x00007f9d7ff08aa0 WatcherThread [stack: 0x0000700010f7c000,0x000070001107c000] [id=41475]
  0x00007f9d7f8078f0 GCTaskThread "GC Thread#0" [stack: 0x000070000fdc3000,0x000070000fec3000] [id=20227]
  0x00007f9d7ef18a70 GCTaskThread "GC Thread#1" [stack: 0x0000700011285000,0x0000700011385000] [id=30211]
  0x00007f9d7ef192d0 GCTaskThread "GC Thread#2" [stack: 0x0000700011388000,0x0000700011488000] [id=30723]
  0x00007f9d7ef19b30 GCTaskThread "GC Thread#3" [stack: 0x000070001148b000,0x000070001158b000] [id=30979]
  0x00007f9d7fe042b0 ConcurrentGCThread "G1 Main Marker" [stack: 0x000070000fec6000,0x000070000ffc6000] [id=12803]
  0x00007f9d7fe04b30 ConcurrentGCThread "G1 Conc#0" [stack: 0x000070000ffc9000,0x00007000100c9000] [id=13571]
  0x00007f9d7fe06390 ConcurrentGCThread "G1 Refine#0" [stack: 0x00007000100cc000,0x00007000101cc000] [id=19459]
  0x00007f9d7fe50f10 ConcurrentGCThread "G1 Refine#1" [stack: 0x000070001181a000,0x000070001191a000] [id=75267]
  0x00007f9d7ff14d60 ConcurrentGCThread "G1 Refine#2" [stack: 0x000070001191d000,0x0000700011a1d000] [id=74755]
  0x00007f9d7fe511e0 ConcurrentGCThread "G1 Refine#3" [stack: 0x0000700011a20000,0x0000700011b20000] [id=74499]
  0x00007f9d7fe06c20 ConcurrentGCThread "G1 Service" [stack: 0x00007000101cf000,0x00007000102cf000] [id=14339]

Threads with active compile tasks:

VM state: not at safepoint (normal execution)

VM Mutex/Monitor currently owned by a thread: None

Heap address: 0x0000000780000000, size: 2048 MB, Compressed Oops mode: Zero based, Oop shift amount: 3

CDS archive(s) mapped at: [0x0000000800000000-0x0000000800bd8000-0x0000000800bd8000), size 12419072, SharedBaseAddress: 0x0000000800000000, ArchiveRelocationMode: 0.
Compressed class space mapped at: 0x0000000800c00000-0x0000000840c00000, reserved size: 1073741824
Narrow klass base: 0x0000000800000000, Narrow klass shift: 0, Narrow klass range: 0x100000000

GC Precious Log:
 CPUs: 4 total, 4 available
 Memory: 8192M
 Large Page Support: Disabled
 NUMA Support: Disabled
 Compressed Oops: Enabled (Zero based)
 Heap Region Size: 1M
 Heap Min Capacity: 8M
 Heap Initial Capacity: 128M
 Heap Max Capacity: 2G
 Pre-touch: Disabled
 Parallel Workers: 4
 Concurrent Workers: 1
 Concurrent Refinement Workers: 4
 Periodic GC: Disabled

Heap:
 garbage-first heap   total 133120K, used 58893K [0x0000000780000000, 0x0000000800000000)
  region size 1024K, 54 young (55296K), 4 survivors (4096K)
 Metaspace       used 21073K, committed 21376K, reserved 1073152K
  class space    used 2912K, committed 3072K, reserved 1048576K

Heap Regions: E=young(eden), S=young(survivor), O=old, HS=humongous(starts), HC=humongous(continues), CS=collection set, F=free, OA=open archive, CA=closed archive, TAMS=top-at-mark-start (previous, next)
|   0|0x0000000780000000, 0x0000000780100000, 0x0000000780100000|100%| O|  |TAMS 0x0000000780000000, 0x0000000780000000| Untracked 
|   1|0x0000000780100000, 0x000000078018e600, 0x0000000780200000| 55%| O|  |TAMS 0x0000000780100000, 0x0000000780100000| Untracked 
|   2|0x0000000780200000, 0x0000000780300000, 0x0000000780300000|100%|HS|  |TAMS 0x0000000780200000, 0x0000000780200000| Complete 
|   3|0x0000000780300000, 0x0000000780400000, 0x0000000780400000|100%|HC|  |TAMS 0x0000000780300000, 0x0000000780300000| Complete 
|   4|0x0000000780400000, 0x0000000780400000, 0x0000000780500000|  0%| F|  |TAMS 0x0000000780400000, 0x0000000780400000| Untracked 
|   5|0x0000000780500000, 0x0000000780500000, 0x0000000780600000|  0%| F|  |TAMS 0x0000000780500000, 0x0000000780500000| Untracked 
|   6|0x0000000780600000, 0x0000000780600000, 0x0000000780700000|  0%| F|  |TAMS 0x0000000780600000, 0x0000000780600000| Untracked 
|   7|0x0000000780700000, 0x0000000780700000, 0x0000000780800000|  0%| F|  |TAMS 0x0000000780700000, 0x0000000780700000| Untracked 
|   8|0x0000000780800000, 0x0000000780800000, 0x0000000780900000|  0%| F|  |TAMS 0x0000000780800000, 0x0000000780800000| Untracked 
|   9|0x0000000780900000, 0x0000000780900000, 0x0000000780a00000|  0%| F|  |TAMS 0x0000000780900000, 0x0000000780900000| Untracked 
|  10|0x0000000780a00000, 0x0000000780a00000, 0x0000000780b00000|  0%| F|  |TAMS 0x0000000780a00000, 0x0000000780a00000| Untracked 
|  11|0x0000000780b00000, 0x0000000780b00000, 0x0000000780c00000|  0%| F|  |TAMS 0x0000000780b00000, 0x0000000780b00000| Untracked 
|  12|0x0000000780c00000, 0x0000000780c00000, 0x0000000780d00000|  0%| F|  |TAMS 0x0000000780c00000, 0x0000000780c00000| Untracked 
|  13|0x0000000780d00000, 0x0000000780d00000, 0x0000000780e00000|  0%| F|  |TAMS 0x0000000780d00000, 0x0000000780d00000| Untracked 
|  14|0x0000000780e00000, 0x0000000780e00000, 0x0000000780f00000|  0%| F|  |TAMS 0x0000000780e00000, 0x0000000780e00000| Untracked 
|  15|0x0000000780f00000, 0x0000000780f00000, 0x0000000781000000|  0%| F|  |TAMS 0x0000000780f00000, 0x0000000780f00000| Untracked 
|  16|0x0000000781000000, 0x0000000781000000, 0x0000000781100000|  0%| F|  |TAMS 0x0000000781000000, 0x0000000781000000| Untracked 
|  17|0x0000000781100000, 0x0000000781100000, 0x0000000781200000|  0%| F|  |TAMS 0x0000000781100000, 0x0000000781100000| Untracked 
|  18|0x0000000781200000, 0x0000000781200000, 0x0000000781300000|  0%| F|  |TAMS 0x0000000781200000, 0x0000000781200000| Untracked 
|  19|0x0000000781300000, 0x0000000781300000, 0x0000000781400000|  0%| F|  |TAMS 0x0000000781300000, 0x0000000781300000| Untracked 
|  20|0x0000000781400000, 0x0000000781400000, 0x0000000781500000|  0%| F|  |TAMS 0x0000000781400000, 0x0000000781400000| Untracked 
|  21|0x0000000781500000, 0x0000000781500000, 0x0000000781600000|  0%| F|  |TAMS 0x0000000781500000, 0x0000000781500000| Untracked 
|  22|0x0000000781600000, 0x0000000781600000, 0x0000000781700000|  0%| F|  |TAMS 0x0000000781600000, 0x0000000781600000| Untracked 
|  23|0x0000000781700000, 0x0000000781700000, 0x0000000781800000|  0%| F|  |TAMS 0x0000000781700000, 0x0000000781700000| Untracked 
|  24|0x0000000781800000, 0x0000000781800000, 0x0000000781900000|  0%| F|  |TAMS 0x0000000781800000, 0x0000000781800000| Untracked 
|  25|0x0000000781900000, 0x0000000781900000, 0x0000000781a00000|  0%| F|  |TAMS 0x0000000781900000, 0x0000000781900000| Untracked 
|  26|0x0000000781a00000, 0x0000000781a00000, 0x0000000781b00000|  0%| F|  |TAMS 0x0000000781a00000, 0x0000000781a00000| Untracked 
|  27|0x0000000781b00000, 0x0000000781b00000, 0x0000000781c00000|  0%| F|  |TAMS 0x0000000781b00000, 0x0000000781b00000| Untracked 
|  28|0x0000000781c00000, 0x0000000781c00000, 0x0000000781d00000|  0%| F|  |TAMS 0x0000000781c00000, 0x0000000781c00000| Untracked 
|  29|0x0000000781d00000, 0x0000000781d00000, 0x0000000781e00000|  0%| F|  |TAMS 0x0000000781d00000, 0x0000000781d00000| Untracked 
|  30|0x0000000781e00000, 0x0000000781e00000, 0x0000000781f00000|  0%| F|  |TAMS 0x0000000781e00000, 0x0000000781e00000| Untracked 
|  31|0x0000000781f00000, 0x0000000781f00000, 0x0000000782000000|  0%| F|  |TAMS 0x0000000781f00000, 0x0000000781f00000| Untracked 
|  32|0x0000000782000000, 0x0000000782000000, 0x0000000782100000|  0%| F|  |TAMS 0x0000000782000000, 0x0000000782000000| Untracked 
|  33|0x0000000782100000, 0x0000000782100000, 0x0000000782200000|  0%| F|  |TAMS 0x0000000782100000, 0x0000000782100000| Untracked 
|  34|0x0000000782200000, 0x0000000782200000, 0x0000000782300000|  0%| F|  |TAMS 0x0000000782200000, 0x0000000782200000| Untracked 
|  35|0x0000000782300000, 0x0000000782300000, 0x0000000782400000|  0%| F|  |TAMS 0x0000000782300000, 0x0000000782300000| Untracked 
|  36|0x0000000782400000, 0x0000000782400000, 0x0000000782500000|  0%| F|  |TAMS 0x0000000782400000, 0x0000000782400000| Untracked 
|  37|0x0000000782500000, 0x0000000782500000, 0x0000000782600000|  0%| F|  |TAMS 0x0000000782500000, 0x0000000782500000| Untracked 
|  38|0x0000000782600000, 0x0000000782600000, 0x0000000782700000|  0%| F|  |TAMS 0x0000000782600000, 0x0000000782600000| Untracked 
|  39|0x0000000782700000, 0x0000000782700000, 0x0000000782800000|  0%| F|  |TAMS 0x0000000782700000, 0x0000000782700000| Untracked 
|  40|0x0000000782800000, 0x0000000782800000, 0x0000000782900000|  0%| F|  |TAMS 0x0000000782800000, 0x0000000782800000| Untracked 
|  41|0x0000000782900000, 0x0000000782900000, 0x0000000782a00000|  0%| F|  |TAMS 0x0000000782900000, 0x0000000782900000| Untracked 
|  42|0x0000000782a00000, 0x0000000782a00000, 0x0000000782b00000|  0%| F|  |TAMS 0x0000000782a00000, 0x0000000782a00000| Untracked 
|  43|0x0000000782b00000, 0x0000000782b00000, 0x0000000782c00000|  0%| F|  |TAMS 0x0000000782b00000, 0x0000000782b00000| Untracked 
|  44|0x0000000782c00000, 0x0000000782c00000, 0x0000000782d00000|  0%| F|  |TAMS 0x0000000782c00000, 0x0000000782c00000| Untracked 
|  45|0x0000000782d00000, 0x0000000782d00000, 0x0000000782e00000|  0%| F|  |TAMS 0x0000000782d00000, 0x0000000782d00000| Untracked 
|  46|0x0000000782e00000, 0x0000000782e00000, 0x0000000782f00000|  0%| F|  |TAMS 0x0000000782e00000, 0x0000000782e00000| Untracked 
|  47|0x0000000782f00000, 0x0000000782f00000, 0x0000000783000000|  0%| F|  |TAMS 0x0000000782f00000, 0x0000000782f00000| Untracked 
|  48|0x0000000783000000, 0x0000000783000000, 0x0000000783100000|  0%| F|  |TAMS 0x0000000783000000, 0x0000000783000000| Untracked 
|  49|0x0000000783100000, 0x0000000783100000, 0x0000000783200000|  0%| F|  |TAMS 0x0000000783100000, 0x0000000783100000| Untracked 
|  50|0x0000000783200000, 0x0000000783200000, 0x0000000783300000|  0%| F|  |TAMS 0x0000000783200000, 0x0000000783200000| Untracked 
|  51|0x0000000783300000, 0x0000000783300000, 0x0000000783400000|  0%| F|  |TAMS 0x0000000783300000, 0x0000000783300000| Untracked 
|  52|0x0000000783400000, 0x0000000783400000, 0x0000000783500000|  0%| F|  |TAMS 0x0000000783400000, 0x0000000783400000| Untracked 
|  53|0x0000000783500000, 0x0000000783500000, 0x0000000783600000|  0%| F|  |TAMS 0x0000000783500000, 0x0000000783500000| Untracked 
|  54|0x0000000783600000, 0x0000000783600000, 0x0000000783700000|  0%| F|  |TAMS 0x0000000783600000, 0x0000000783600000| Untracked 
|  55|0x0000000783700000, 0x0000000783700000, 0x0000000783800000|  0%| F|  |TAMS 0x0000000783700000, 0x0000000783700000| Untracked 
|  56|0x0000000783800000, 0x0000000783800000, 0x0000000783900000|  0%| F|  |TAMS 0x0000000783800000, 0x0000000783800000| Untracked 
|  57|0x0000000783900000, 0x0000000783900000, 0x0000000783a00000|  0%| F|  |TAMS 0x0000000783900000, 0x0000000783900000| Untracked 
|  58|0x0000000783a00000, 0x0000000783a00000, 0x0000000783b00000|  0%| F|  |TAMS 0x0000000783a00000, 0x0000000783a00000| Untracked 
|  59|0x0000000783b00000, 0x0000000783b00000, 0x0000000783c00000|  0%| F|  |TAMS 0x0000000783b00000, 0x0000000783b00000| Untracked 
|  60|0x0000000783c00000, 0x0000000783c00000, 0x0000000783d00000|  0%| F|  |TAMS 0x0000000783c00000, 0x0000000783c00000| Untracked 
|  61|0x0000000783d00000, 0x0000000783d00000, 0x0000000783e00000|  0%| F|  |TAMS 0x0000000783d00000, 0x0000000783d00000| Untracked 
|  62|0x0000000783e00000, 0x0000000783e00000, 0x0000000783f00000|  0%| F|  |TAMS 0x0000000783e00000, 0x0000000783e00000| Untracked 
|  63|0x0000000783f00000, 0x0000000783f00000, 0x0000000784000000|  0%| F|  |TAMS 0x0000000783f00000, 0x0000000783f00000| Untracked 
|  64|0x0000000784000000, 0x0000000784000000, 0x0000000784100000|  0%| F|  |TAMS 0x0000000784000000, 0x0000000784000000| Untracked 
|  65|0x0000000784100000, 0x0000000784100000, 0x0000000784200000|  0%| F|  |TAMS 0x0000000784100000, 0x0000000784100000| Untracked 
|  66|0x0000000784200000, 0x0000000784200000, 0x0000000784300000|  0%| F|  |TAMS 0x0000000784200000, 0x0000000784200000| Untracked 
|  67|0x0000000784300000, 0x0000000784300000, 0x0000000784400000|  0%| F|  |TAMS 0x0000000784300000, 0x0000000784300000| Untracked 
|  68|0x0000000784400000, 0x0000000784400000, 0x0000000784500000|  0%| F|  |TAMS 0x0000000784400000, 0x0000000784400000| Untracked 
|  69|0x0000000784500000, 0x0000000784500000, 0x0000000784600000|  0%| F|  |TAMS 0x0000000784500000, 0x0000000784500000| Untracked 
|  70|0x0000000784600000, 0x0000000784600000, 0x0000000784700000|  0%| F|  |TAMS 0x0000000784600000, 0x0000000784600000| Untracked 
|  71|0x0000000784700000, 0x0000000784700000, 0x0000000784800000|  0%| F|  |TAMS 0x0000000784700000, 0x0000000784700000| Untracked 
|  72|0x0000000784800000, 0x0000000784800000, 0x0000000784900000|  0%| F|  |TAMS 0x0000000784800000, 0x0000000784800000| Untracked 
|  73|0x0000000784900000, 0x0000000784900000, 0x0000000784a00000|  0%| F|  |TAMS 0x0000000784900000, 0x0000000784900000| Untracked 
|  74|0x0000000784a00000, 0x0000000784b00000, 0x0000000784b00000|100%| E|  |TAMS 0x0000000784a00000, 0x0000000784a00000| Complete 
|  75|0x0000000784b00000, 0x0000000784c00000, 0x0000000784c00000|100%| E|CS|TAMS 0x0000000784b00000, 0x0000000784b00000| Complete 
|  76|0x0000000784c00000, 0x0000000784d00000, 0x0000000784d00000|100%| E|CS|TAMS 0x0000000784c00000, 0x0000000784c00000| Complete 
|  77|0x0000000784d00000, 0x0000000784e00000, 0x0000000784e00000|100%| E|CS|TAMS 0x0000000784d00000, 0x0000000784d00000| Complete 
|  78|0x0000000784e00000, 0x0000000784f00000, 0x0000000784f00000|100%| E|CS|TAMS 0x0000000784e00000, 0x0000000784e00000| Complete 
|  79|0x0000000784f00000, 0x0000000785000000, 0x0000000785000000|100%| E|CS|TAMS 0x0000000784f00000, 0x0000000784f00000| Complete 
|  80|0x0000000785000000, 0x0000000785100000, 0x0000000785100000|100%| E|CS|TAMS 0x0000000785000000, 0x0000000785000000| Complete 
|  81|0x0000000785100000, 0x0000000785200000, 0x0000000785200000|100%| E|CS|TAMS 0x0000000785100000, 0x0000000785100000| Complete 
|  82|0x0000000785200000, 0x0000000785300000, 0x0000000785300000|100%| E|CS|TAMS 0x0000000785200000, 0x0000000785200000| Complete 
|  83|0x0000000785300000, 0x0000000785400000, 0x0000000785400000|100%| E|CS|TAMS 0x0000000785300000, 0x0000000785300000| Complete 
|  84|0x0000000785400000, 0x0000000785500000, 0x0000000785500000|100%| E|CS|TAMS 0x0000000785400000, 0x0000000785400000| Complete 
|  85|0x0000000785500000, 0x0000000785600000, 0x0000000785600000|100%| E|CS|TAMS 0x0000000785500000, 0x0000000785500000| Complete 
|  86|0x0000000785600000, 0x0000000785700000, 0x0000000785700000|100%| E|CS|TAMS 0x0000000785600000, 0x0000000785600000| Complete 
|  87|0x0000000785700000, 0x0000000785800000, 0x0000000785800000|100%| E|CS|TAMS 0x0000000785700000, 0x0000000785700000| Complete 
|  88|0x0000000785800000, 0x0000000785900000, 0x0000000785900000|100%| E|CS|TAMS 0x0000000785800000, 0x0000000785800000| Complete 
|  89|0x0000000785900000, 0x0000000785a00000, 0x0000000785a00000|100%| E|CS|TAMS 0x0000000785900000, 0x0000000785900000| Complete 
|  90|0x0000000785a00000, 0x0000000785b00000, 0x0000000785b00000|100%| E|CS|TAMS 0x0000000785a00000, 0x0000000785a00000| Complete 
|  91|0x0000000785b00000, 0x0000000785c00000, 0x0000000785c00000|100%| E|CS|TAMS 0x0000000785b00000, 0x0000000785b00000| Complete 
|  92|0x0000000785c00000, 0x0000000785d00000, 0x0000000785d00000|100%| E|CS|TAMS 0x0000000785c00000, 0x0000000785c00000| Complete 
|  93|0x0000000785d00000, 0x0000000785e00000, 0x0000000785e00000|100%| E|CS|TAMS 0x0000000785d00000, 0x0000000785d00000| Complete 
|  94|0x0000000785e00000, 0x0000000785f00000, 0x0000000785f00000|100%| E|CS|TAMS 0x0000000785e00000, 0x0000000785e00000| Complete 
|  95|0x0000000785f00000, 0x0000000786000000, 0x0000000786000000|100%| E|CS|TAMS 0x0000000785f00000, 0x0000000785f00000| Complete 
|  96|0x0000000786000000, 0x0000000786100000, 0x0000000786100000|100%| E|CS|TAMS 0x0000000786000000, 0x0000000786000000| Complete 
|  97|0x0000000786100000, 0x0000000786200000, 0x0000000786200000|100%| E|CS|TAMS 0x0000000786100000, 0x0000000786100000| Complete 
|  98|0x0000000786200000, 0x0000000786300000, 0x0000000786300000|100%| E|CS|TAMS 0x0000000786200000, 0x0000000786200000| Complete 
|  99|0x0000000786300000, 0x0000000786400000, 0x0000000786400000|100%| S|CS|TAMS 0x0000000786300000, 0x0000000786300000| Complete 
| 100|0x0000000786400000, 0x0000000786500000, 0x0000000786500000|100%| S|CS|TAMS 0x0000000786400000, 0x0000000786400000| Complete 
| 101|0x0000000786500000, 0x0000000786600000, 0x0000000786600000|100%| S|CS|TAMS 0x0000000786500000, 0x0000000786500000| Complete 
| 102|0x0000000786600000, 0x0000000786700000, 0x0000000786700000|100%| S|CS|TAMS 0x0000000786600000, 0x0000000786600000| Complete 
| 103|0x0000000786700000, 0x0000000786800000, 0x0000000786800000|100%| E|CS|TAMS 0x0000000786700000, 0x0000000786700000| Complete 
| 104|0x0000000786800000, 0x0000000786900000, 0x0000000786900000|100%| E|CS|TAMS 0x0000000786800000, 0x0000000786800000| Complete 
| 105|0x0000000786900000, 0x0000000786a00000, 0x0000000786a00000|100%| E|CS|TAMS 0x0000000786900000, 0x0000000786900000| Complete 
| 106|0x0000000786a00000, 0x0000000786b00000, 0x0000000786b00000|100%| E|CS|TAMS 0x0000000786a00000, 0x0000000786a00000| Complete 
| 107|0x0000000786b00000, 0x0000000786c00000, 0x0000000786c00000|100%| E|CS|TAMS 0x0000000786b00000, 0x0000000786b00000| Complete 
| 108|0x0000000786c00000, 0x0000000786d00000, 0x0000000786d00000|100%| E|CS|TAMS 0x0000000786c00000, 0x0000000786c00000| Complete 
| 109|0x0000000786d00000, 0x0000000786e00000, 0x0000000786e00000|100%| E|CS|TAMS 0x0000000786d00000, 0x0000000786d00000| Complete 
| 110|0x0000000786e00000, 0x0000000786f00000, 0x0000000786f00000|100%| E|CS|TAMS 0x0000000786e00000, 0x0000000786e00000| Complete 
| 111|0x0000000786f00000, 0x0000000787000000, 0x0000000787000000|100%| E|CS|TAMS 0x0000000786f00000, 0x0000000786f00000| Complete 
| 112|0x0000000787000000, 0x0000000787100000, 0x0000000787100000|100%| E|CS|TAMS 0x0000000787000000, 0x0000000787000000| Complete 
| 113|0x0000000787100000, 0x0000000787200000, 0x0000000787200000|100%| E|CS|TAMS 0x0000000787100000, 0x0000000787100000| Complete 
| 114|0x0000000787200000, 0x0000000787300000, 0x0000000787300000|100%| E|CS|TAMS 0x0000000787200000, 0x0000000787200000| Complete 
| 115|0x0000000787300000, 0x0000000787400000, 0x0000000787400000|100%| E|CS|TAMS 0x0000000787300000, 0x0000000787300000| Complete 
| 116|0x0000000787400000, 0x0000000787500000, 0x0000000787500000|100%| E|CS|TAMS 0x0000000787400000, 0x0000000787400000| Complete 
| 117|0x0000000787500000, 0x0000000787600000, 0x0000000787600000|100%| E|CS|TAMS 0x0000000787500000, 0x0000000787500000| Complete 
| 118|0x0000000787600000, 0x0000000787700000, 0x0000000787700000|100%| E|CS|TAMS 0x0000000787600000, 0x0000000787600000| Complete 
| 119|0x0000000787700000, 0x0000000787800000, 0x0000000787800000|100%| E|CS|TAMS 0x0000000787700000, 0x0000000787700000| Complete 
| 120|0x0000000787800000, 0x0000000787900000, 0x0000000787900000|100%| E|CS|TAMS 0x0000000787800000, 0x0000000787800000| Complete 
| 121|0x0000000787900000, 0x0000000787a00000, 0x0000000787a00000|100%| E|CS|TAMS 0x0000000787900000, 0x0000000787900000| Complete 
| 122|0x0000000787a00000, 0x0000000787b00000, 0x0000000787b00000|100%| E|CS|TAMS 0x0000000787a00000, 0x0000000787a00000| Complete 
| 123|0x0000000787b00000, 0x0000000787c00000, 0x0000000787c00000|100%| E|CS|TAMS 0x0000000787b00000, 0x0000000787b00000| Complete 
| 124|0x0000000787c00000, 0x0000000787d00000, 0x0000000787d00000|100%| E|CS|TAMS 0x0000000787c00000, 0x0000000787c00000| Complete 
| 125|0x0000000787d00000, 0x0000000787e00000, 0x0000000787e00000|100%| E|CS|TAMS 0x0000000787d00000, 0x0000000787d00000| Complete 
| 126|0x0000000787e00000, 0x0000000787f00000, 0x0000000787f00000|100%| E|CS|TAMS 0x0000000787e00000, 0x0000000787e00000| Complete 
| 127|0x0000000787f00000, 0x0000000788000000, 0x0000000788000000|100%| E|CS|TAMS 0x0000000787f00000, 0x0000000787f00000| Complete 
|2046|0x00000007ffe00000, 0x00000007ffe76000, 0x00000007fff00000| 46%|OA|  |TAMS 0x00000007ffe00000, 0x00000007ffe00000| Untracked 
|2047|0x00000007fff00000, 0x00000007fff7f000, 0x0000000800000000| 49%|CA|  |TAMS 0x00000007fff00000, 0x00000007fff00000| Untracked 

Card table byte_map: [0x0000000106d5d000,0x000000010715d000] _byte_map_base: 0x000000010315d000

Marking Bits (Prev, Next): (CMBitMap*) 0x00007f9d81008210, (CMBitMap*) 0x00007f9d81008250
 Prev Bits: [0x000000012032d000, 0x000000012232d000)
 Next Bits: [0x000000012232d000, 0x000000012432d000)

Polling page: 0x00000001066a8000

Metaspace:

Usage:
  Non-class:     17.73 MB used.
      Class:      2.84 MB used.
       Both:     20.58 MB used.

Virtual space:
  Non-class space:       24.00 MB reserved,      17.88 MB ( 74%) committed,  3 nodes.
      Class space:        1.00 GB reserved,       3.00 MB ( <1%) committed,  1 nodes.
             Both:        1.02 GB reserved,      20.88 MB (  2%) committed. 

Chunk freelists:
   Non-Class:  1.42 MB
       Class:  1.05 MB
        Both:  2.47 MB

MaxMetaspaceSize: unlimited
CompressedClassSpaceSize: 1.00 GB
Initial GC threshold: 21.00 MB
Current GC threshold: 21.00 MB
CDS: on
MetaspaceReclaimPolicy: balanced
 - commit_granule_bytes: 65536.
 - commit_granule_words: 8192.
 - virtual_space_node_default_size: 1048576.
 - enlarge_chunks_in_place: 1.
 - new_chunks_are_fully_committed: 0.
 - uncommit_free_chunks: 1.
 - use_allocation_guard: 0.
 - handle_deallocations: 1.


Internal statistics:

num_allocs_failed_limit: 0.
num_arena_births: 226.
num_arena_deaths: 0.
num_vsnodes_births: 4.
num_vsnodes_deaths: 0.
num_space_committed: 334.
num_space_uncommitted: 0.
num_chunks_returned_to_freelist: 0.
num_chunks_taken_from_freelist: 885.
num_chunk_merges: 0.
num_chunk_splits: 658.
num_chunks_enlarged: 547.
num_purges: 0.
num_inconsistent_stats: 0.

CodeHeap 'non-profiled nmethods': size=120032Kb used=1857Kb max_used=1857Kb free=118174Kb
 bounds [0x0000000118df5000, 0x0000000119065000, 0x000000012032d000]
CodeHeap 'profiled nmethods': size=120028Kb used=8543Kb max_used=8543Kb free=111484Kb
 bounds [0x00000001118be000, 0x000000011211e000, 0x0000000118df5000]
CodeHeap 'non-nmethods': size=5700Kb used=1454Kb max_used=1485Kb free=4245Kb
 bounds [0x000000011132d000, 0x000000011159d000, 0x00000001118be000]
 total_blobs=4977 nmethods=4153 adapters=736
 compilation: enabled
              stopped_count=0, restarted_count=0
 full_count=0

Compilation events (20 events):
Event: 25.379 Thread 0x00007f9d81085a00 4144       4       com.sun.javafx.scene.layout.RegionHelper::pickNodeLocalImpl (12 bytes)
Event: 25.402 Thread 0x00007f9d81085a00 nmethod 4144 0x0000000118fbe490 code [0x0000000118fbe700, 0x0000000118fbf2c0]
Event: 25.416 Thread 0x00007f9d81085a00 4145       4       com.sun.javafx.sg.prism.NGNode::doRender (473 bytes)
Event: 25.486 Thread 0x00007f9d81085a00 nmethod 4145 0x0000000118fc0290 code [0x0000000118fc0840, 0x0000000118fc33c0]
Event: 25.508 Thread 0x00007f9d80028e00 4146       3       com.sun.glass.ui.View::handleMouseEvent (34 bytes)
Event: 25.509 Thread 0x00007f9d80028e00 nmethod 4146 0x0000000112112790 code [0x0000000112112940, 0x0000000112112be0]
Event: 25.509 Thread 0x00007f9d80028e00 4147       3       com.sun.javafx.tk.quantum.GlassViewEventHandler::handleMouseEvent (108 bytes)
Event: 25.510 Thread 0x00007f9d80028e00 nmethod 4147 0x0000000112112d10 code [0x0000000112112f20, 0x0000000112113590]
Event: 25.510 Thread 0x00007f9d80028e00 4148       3       com.sun.javafx.tk.quantum.GlassViewEventHandler$$Lambda$591/0x0000000800e7dd90::<init> (10 bytes)
Event: 25.510 Thread 0x00007f9d80028e00 nmethod 4148 0x0000000112113810 code [0x00000001121139c0, 0x0000000112113b70]
Event: 25.510 Thread 0x00007f9d80028e00 4149       3       com.sun.javafx.tk.quantum.GlassViewEventHandler$$Lambda$591/0x0000000800e7dd90::get (8 bytes)
Event: 25.512 Thread 0x00007f9d80028e00 nmethod 4149 0x0000000112113c10 code [0x0000000112113e40, 0x0000000112114460]
Event: 25.512 Thread 0x00007f9d80028e00 4150       3       com.sun.javafx.tk.quantum.GlassViewEventHandler::lambda$handleMouseEvent$2 (18 bytes)
Event: 25.513 Thread 0x00007f9d80028e00 nmethod 4150 0x0000000112114790 code [0x00000001121149c0, 0x0000000112114f60]
Event: 25.513 Thread 0x00007f9d80028e00 4151       3       java.util.EnumMap$EnumMapIterator::<init> (20 bytes)
Event: 25.513 Thread 0x00007f9d80028e00 nmethod 4151 0x0000000112115210 code [0x00000001121153c0, 0x0000000112115590]
Event: 25.515 Thread 0x00007f9d80028e00 4152       3       com.sun.glass.ui.Window::handleMouseEvent (26 bytes)
Event: 25.516 Thread 0x00007f9d80028e00 nmethod 4152 0x0000000112115690 code [0x0000000112115840, 0x00000001121159e0]
Event: 25.572 Thread 0x00007f9d80028e00 4153       3       com.sun.javafx.scene.NodeHelper::pickNodeLocal (11 bytes)
Event: 25.573 Thread 0x00007f9d80028e00 nmethod 4153 0x0000000112115a90 code [0x0000000112115c40, 0x0000000112115e30]

GC Heap History (4 events):
Event: 0.399 GC heap before
{Heap before GC invocations=0 (full 0):
 garbage-first heap   total 133120K, used 14292K [0x0000000780000000, 0x0000000800000000)
  region size 1024K, 13 young (13312K), 0 survivors (0K)
 Metaspace       used 2965K, committed 3072K, reserved 1056768K
  class space    used 334K, committed 384K, reserved 1048576K
}
Event: 0.402 GC heap after
{Heap after GC invocations=1 (full 0):
 garbage-first heap   total 133120K, used 2724K [0x0000000780000000, 0x0000000800000000)
  region size 1024K, 2 young (2048K), 2 survivors (2048K)
 Metaspace       used 2965K, committed 3072K, reserved 1056768K
  class space    used 334K, committed 384K, reserved 1048576K
}
Event: 1.372 GC heap before
{Heap before GC invocations=1 (full 0):
 garbage-first heap   total 133120K, used 25252K [0x0000000780000000, 0x0000000800000000)
  region size 1024K, 25 young (25600K), 2 survivors (2048K)
 Metaspace       used 9601K, committed 9856K, reserved 1064960K
  class space    used 1325K, committed 1472K, reserved 1048576K
}
Event: 1.380 GC heap after
{Heap after GC invocations=2 (full 0):
 garbage-first heap   total 133120K, used 6669K [0x0000000780000000, 0x0000000800000000)
  region size 1024K, 4 young (4096K), 4 survivors (4096K)
 Metaspace       used 9601K, committed 9856K, reserved 1064960K
  class space    used 1325K, committed 1472K, reserved 1048576K
}

Deoptimization events (20 events):
Event: 25.347 Thread 0x00007f9d7f1e9400 Uncommon trap: trap_request=0xffffffc6 fr.pc=0x0000000118f25d9c relative=0x000000000000029c
Event: 25.347 Thread 0x00007f9d7f1e9400 Uncommon trap: reason=bimorphic_or_optimized_type_check action=maybe_recompile pc=0x0000000118f25d9c method=javafx.scene.Node.pickNode(Lcom/sun/javafx/geom/PickRay;Lcom/sun/javafx/scene/input/PickResultChooser;)V @ 82 c2
Event: 25.347 Thread 0x00007f9d7f1e9400 DEOPT PACKING pc=0x0000000118f25d9c sp=0x00007ff7b9979dc0
Event: 25.347 Thread 0x00007f9d7f1e9400 DEOPT UNPACKING pc=0x000000011137f099 sp=0x00007ff7b9979d30 mode 2
Event: 25.612 Thread 0x00007f9d7f1e9400 Uncommon trap: trap_request=0xffffffc6 fr.pc=0x0000000118f3d2b8 relative=0x00000000000003b8
Event: 25.612 Thread 0x00007f9d7f1e9400 Uncommon trap: reason=bimorphic_or_optimized_type_check action=maybe_recompile pc=0x0000000118f3d2b8 method=javafx.scene.Node.localToParent(Lcom/sun/javafx/geom/Vec3d;)V @ 10 c2
Event: 25.612 Thread 0x00007f9d7f1e9400 DEOPT PACKING pc=0x0000000118f3d2b8 sp=0x00007ff7b997a140
Event: 25.612 Thread 0x00007f9d7f1e9400 DEOPT UNPACKING pc=0x000000011137f099 sp=0x00007ff7b997a098 mode 2
Event: 25.612 Thread 0x00007f9d7f1e9400 Uncommon trap: trap_request=0xffffffc6 fr.pc=0x0000000118f3d2b8 relative=0x00000000000003b8
Event: 25.612 Thread 0x00007f9d7f1e9400 Uncommon trap: reason=bimorphic_or_optimized_type_check action=maybe_recompile pc=0x0000000118f3d2b8 method=javafx.scene.Node.localToParent(Lcom/sun/javafx/geom/Vec3d;)V @ 10 c2
Event: 25.612 Thread 0x00007f9d7f1e9400 DEOPT PACKING pc=0x0000000118f3d2b8 sp=0x00007ff7b9979f50
Event: 25.612 Thread 0x00007f9d7f1e9400 DEOPT UNPACKING pc=0x000000011137f099 sp=0x00007ff7b9979ea8 mode 2
Event: 25.612 Thread 0x00007f9d7f1e9400 Uncommon trap: trap_request=0xffffffc6 fr.pc=0x0000000118f3d2b8 relative=0x00000000000003b8
Event: 25.612 Thread 0x00007f9d7f1e9400 Uncommon trap: reason=bimorphic_or_optimized_type_check action=maybe_recompile pc=0x0000000118f3d2b8 method=javafx.scene.Node.localToParent(Lcom/sun/javafx/geom/Vec3d;)V @ 10 c2
Event: 25.612 Thread 0x00007f9d7f1e9400 DEOPT PACKING pc=0x0000000118f3d2b8 sp=0x00007ff7b997a100
Event: 25.612 Thread 0x00007f9d7f1e9400 DEOPT UNPACKING pc=0x000000011137f099 sp=0x00007ff7b997a058 mode 2
Event: 25.612 Thread 0x00007f9d7f1e9400 Uncommon trap: trap_request=0xffffffc6 fr.pc=0x0000000118f3d2b8 relative=0x00000000000003b8
Event: 25.612 Thread 0x00007f9d7f1e9400 Uncommon trap: reason=bimorphic_or_optimized_type_check action=maybe_recompile pc=0x0000000118f3d2b8 method=javafx.scene.Node.localToParent(Lcom/sun/javafx/geom/Vec3d;)V @ 10 c2
Event: 25.612 Thread 0x00007f9d7f1e9400 DEOPT PACKING pc=0x0000000118f3d2b8 sp=0x00007ff7b997a100
Event: 25.612 Thread 0x00007f9d7f1e9400 DEOPT UNPACKING pc=0x000000011137f099 sp=0x00007ff7b997a058 mode 2

Classes unloaded (0 events):
No events

Classes redefined (0 events):
No events

Internal exceptions (20 events):
Event: 1.619 Thread 0x00007f9d7f1e9400 Exception <a 'java/lang/NoSuchMethodError'{0x00000007877b27e8}: 'java.lang.Object java.lang.invoke.DirectMethodHandle$Holder.invokeInterface(java.lang.Object, java.lang.Object, java.lang.Object)'> (0x00000007877b27e8) 
thrown [open/src/hotspot/share/interpreter/linkResolver.cpp, line 759]
Event: 1.619 Thread 0x00007f9d7f1e9400 Exception <a 'java/lang/IncompatibleClassChangeError'{0x00000007877b6170}: Found class java.lang.Object, but interface was expected> (0x00000007877b6170) 
thrown [open/src/hotspot/share/interpreter/linkResolver.cpp, line 826]
Event: 1.731 Thread 0x00007f9d7f1e9400 Exception <a 'java/lang/ClassNotFoundException'{0x0000000787481400}: com/sun/javafx/scene/control/skin/resources/controls> (0x0000000787481400) 
thrown [open/src/hotspot/share/prims/jni.cpp, line 535]
Event: 1.733 Thread 0x00007f9d7f1e9400 Exception <a 'java/lang/ClassNotFoundException'{0x000000078730d6f0}: com/sun/javafx/scene/control/skin/resources/controls_es> (0x000000078730d6f0) 
thrown [open/src/hotspot/share/prims/jni.cpp, line 535]
Event: 1.734 Thread 0x00007f9d7f1e9400 Exception <a 'java/lang/ClassNotFoundException'{0x000000078731aeb0}: com/sun/javafx/scene/control/skin/resources/controls_es_419> (0x000000078731aeb0) 
thrown [open/src/hotspot/share/prims/jni.cpp, line 535]
Event: 1.797 Thread 0x00007f9d7f1e9400 Implicit null exception at 0x0000000118e12458 to 0x0000000118e124ea
Event: 1.800 Thread 0x00007f9d7f1e9400 Implicit null exception at 0x0000000118e6910f to 0x0000000118e69508
Event: 1.802 Thread 0x00007f9d7f1e9400 Exception <a 'java/lang/NoSuchMethodError'{0x000000078728f5f0}: 'void java.lang.invoke.DirectMethodHandle$Holder.invokeSpecial(java.lang.Object, java.lang.Object, java.lang.Object, java.lang.Object, java.lang.Object, java.lang.Object)'> (0x000000078728f5f0) 
thrown [open/src/hotspot/share/interpreter/linkResolver.cpp, line 759]
Event: 1.806 Thread 0x00007f9d7f1e9400 Implicit null exception at 0x0000000118e6800f to 0x0000000118e683f0
Event: 1.806 Thread 0x00007f9d7f1e9400 Implicit null exception at 0x0000000118e11aaf to 0x0000000118e11b29
Event: 1.942 Thread 0x00007f9d7f1e9400 Exception <a 'java/lang/NoSuchMethodError'{0x0000000786d2cb70}: 'int java.lang.invoke.DirectMethodHandle$Holder.invokeSpecial(java.lang.Object, java.lang.Object, int)'> (0x0000000786d2cb70) 
thrown [open/src/hotspot/share/interpreter/linkResolver.cpp, line 759]
Event: 2.087 Thread 0x00007f9d7f1e9400 Exception <a 'java/lang/NoSuchMethodError'{0x0000000786ac12c0}: 'java.lang.Object java.lang.invoke.DirectMethodHandle$Holder.newInvokeSpecial(java.lang.Object, java.lang.Object, int)'> (0x0000000786ac12c0) 
thrown [open/src/hotspot/share/interpreter/linkResolver.cpp, line 759]
Event: 2.153 Thread 0x00007f9d7f1e9400 Exception <a 'java/lang/NoSuchMethodError'{0x0000000786addc90}: 'long java.lang.invoke.DirectMethodHandle$Holder.invokeStatic(java.lang.Object, java.lang.Object, java.lang.Object)'> (0x0000000786addc90) 
thrown [open/src/hotspot/share/interpreter/linkResolver.cpp, line 759]
Event: 2.154 Thread 0x00007f9d7f1e9400 Exception <a 'java/lang/NoSuchMethodError'{0x0000000786ae1438}: 'long java.lang.invoke.DirectMethodHandle$Holder.invokeStaticInit(java.lang.Object, java.lang.Object, java.lang.Object)'> (0x0000000786ae1438) 
thrown [open/src/hotspot/share/interpreter/linkResolver.cpp, line 759]
Event: 2.160 Thread 0x00007f9d7f1e9400 Exception <a 'java/lang/NoSuchMethodError'{0x0000000786af9040}: 'java.lang.Object java.lang.invoke.DirectMethodHandle$Holder.newInvokeSpecial(java.lang.Object, java.lang.Object, long)'> (0x0000000786af9040) 
thrown [open/src/hotspot/share/interpreter/linkResolver.cpp, line 759]
Event: 2.161 Thread 0x00007f9d7f1e9400 Exception <a 'java/lang/NoSuchMethodError'{0x0000000786afc908}: 'java.lang.Object java.lang.invoke.Invokers$Holder.linkToTargetMethod(java.lang.Object, long, java.lang.Object)'> (0x0000000786afc908) 
thrown [open/src/hotspot/share/interpreter/linkResolver.cpp, line 759]
Event: 2.225 Thread 0x00007f9d80810400 Exception <a 'java/lang/NoSuchMethodError'{0x00000007868e6ab8}: 'int java.lang.invoke.DirectMethodHandle$Holder.invokeStaticInit(java.lang.Object, java.lang.Object)'> (0x00000007868e6ab8) 
thrown [open/src/hotspot/share/interpreter/linkResolver.cpp, line 759]
Event: 2.668 Thread 0x00007f9d7f1e9400 Exception <a 'java/lang/NoSuchMethodError'{0x000000078686e618}: 'java.lang.Object java.lang.invoke.DirectMethodHandle$Holder.newInvokeSpecial(java.lang.Object, java.lang.Object, long, int, int, int)'> (0x000000078686e618) 
thrown [open/src/hotspot/share/interpreter/linkResolver.cpp, line 759]
Event: 2.670 Thread 0x00007f9d7f1e9400 Exception <a 'java/lang/NoSuchMethodError'{0x0000000786085660}: 'java.lang.Object java.lang.invoke.DirectMethodHandle$Holder.newInvokeSpecial(java.lang.Object, java.lang.Object, int, java.lang.Object, long, int, int, int, int)'> (0x0000000786085660) 
thrown [open/src/hotspot/share/interpreter/linkResolver.cpp, line 759]
Event: 21.551 Thread 0x00007f9d7f1e9400 Exception <a 'java/lang/ClassNotFoundException'{0x00000007850bd800}: jdk/net/ExtendedSocketOptions> (0x00000007850bd800) 
thrown [open/src/hotspot/share/classfile/systemDictionary.cpp, line 256]

VM Operations (20 events):
Event: 20.125 Executing VM operation: Cleanup done
Event: 21.126 Executing VM operation: Cleanup
Event: 21.126 Executing VM operation: Cleanup done
Event: 21.548 Executing VM operation: HandshakeAllThreads
Event: 21.548 Executing VM operation: HandshakeAllThreads done
Event: 21.591 Executing VM operation: HandshakeAllThreads
Event: 21.591 Executing VM operation: HandshakeAllThreads done
Event: 21.598 Executing VM operation: HandshakeAllThreads
Event: 21.598 Executing VM operation: HandshakeAllThreads done
Event: 21.601 Executing VM operation: ICBufferFull
Event: 21.601 Executing VM operation: ICBufferFull done
Event: 21.609 Executing VM operation: HandshakeAllThreads
Event: 21.609 Executing VM operation: HandshakeAllThreads done
Event: 22.614 Executing VM operation: Cleanup
Event: 22.614 Executing VM operation: Cleanup done
Event: 23.616 Executing VM operation: Cleanup
Event: 23.616 Executing VM operation: Cleanup done
Event: 24.617 Executing VM operation: Cleanup
Event: 24.618 Executing VM operation: Cleanup done
Event: 25.619 Executing VM operation: Cleanup

Events (20 events):
Event: 21.555 loading class sun/net/NetHooks
Event: 21.555 loading class sun/net/NetHooks done
Event: 21.555 loading class sun/net/sdp/SdpProvider
Event: 21.556 loading class sun/net/NetHooks$Provider
Event: 21.556 loading class sun/net/NetHooks$Provider done
Event: 21.556 loading class sun/net/sdp/SdpProvider done
Event: 21.557 loading class java/net/Socket$SocketOutputStream
Event: 21.557 loading class java/net/Socket$SocketOutputStream done
Event: 21.557 loading class sun/nio/ch/NioSocketImpl$2
Event: 21.557 loading class sun/nio/ch/NioSocketImpl$2 done
Event: 21.557 loading class java/io/DataOutputStream
Event: 21.557 loading class java/io/DataOutputStream done
Event: 21.558 loading class java/net/Socket$SocketInputStream
Event: 21.558 loading class java/net/Socket$SocketInputStream done
Event: 21.558 loading class sun/nio/ch/NioSocketImpl$1
Event: 21.558 loading class sun/nio/ch/NioSocketImpl$1 done
Event: 21.593 loading class java/io/SequenceInputStream
Event: 21.593 loading class java/io/SequenceInputStream done
Event: 21.596 loading class java/util/Vector$1
Event: 21.596 loading class java/util/Vector$1 done


Dynamic libraries:
0x00000001066aa000 	/Library/Java/JavaVirtualMachines/jdk-17.0.5.jdk/Contents/Home/lib/libjli.dylib
0x00007ff80e0cf000 	/usr/lib/libz.1.dylib
0x00007ff80e1af000 	/usr/lib/libSystem.B.dylib
0x00007ff80e1aa000 	/usr/lib/system/libcache.dylib
0x00007ff80e166000 	/usr/lib/system/libcommonCrypto.dylib
0x00007ff80e18f000 	/usr/lib/system/libcompiler_rt.dylib
0x00007ff80e185000 	/usr/lib/system/libcopyfile.dylib
0x00007ff80313d000 	/usr/lib/system/libcorecrypto.dylib
0x00007ff8031fb000 	/usr/lib/system/libdispatch.dylib
0x00007ff8033bb000 	/usr/lib/system/libdyld.dylib
0x00007ff80e1a1000 	/usr/lib/system/libkeymgr.dylib
0x00007ff80e144000 	/usr/lib/system/libmacho.dylib
0x00007ff80d7c5000 	/usr/lib/system/libquarantine.dylib
0x00007ff80e19f000 	/usr/lib/system/libremovefile.dylib
0x00007ff808350000 	/usr/lib/system/libsystem_asl.dylib
0x00007ff8030e6000 	/usr/lib/system/libsystem_blocks.dylib
0x00007ff80327f000 	/usr/lib/system/libsystem_c.dylib
0x00007ff80e197000 	/usr/lib/system/libsystem_collections.dylib
0x00007ff80ca79000 	/usr/lib/system/libsystem_configuration.dylib
0x00007ff80bd22000 	/usr/lib/system/libsystem_containermanager.dylib
0x00007ff80de7c000 	/usr/lib/system/libsystem_coreservices.dylib
0x00007ff8059f1000 	/usr/lib/system/libsystem_darwin.dylib
0x00007ff80e1a2000 	/usr/lib/system/libsystem_dnssd.dylib
0x00007ff80327c000 	/usr/lib/system/libsystem_featureflags.dylib
0x00007ff8033d1000 	/usr/lib/system/libsystem_info.dylib
0x00007ff80e0e2000 	/usr/lib/system/libsystem_m.dylib
0x00007ff8031cf000 	/usr/lib/system/libsystem_malloc.dylib
0x00007ff8082eb000 	/usr/lib/system/libsystem_networkextension.dylib
0x00007ff805e17000 	/usr/lib/system/libsystem_notify.dylib
0x00007ff814422000 	/usr/lib/system/libsystem_product_info_filter.dylib
0x00007ff80ca7d000 	/usr/lib/system/libsystem_sandbox.dylib
0x00007ff80e19c000 	/usr/lib/system/libsystem_secinit.dylib
0x00007ff803377000 	/usr/lib/system/libsystem_kernel.dylib
0x00007ff8033c7000 	/usr/lib/system/libsystem_platform.dylib
0x00007ff8033af000 	/usr/lib/system/libsystem_pthread.dylib
0x00007ff809b9e000 	/usr/lib/system/libsystem_symptoms.dylib
0x00007ff803124000 	/usr/lib/system/libsystem_trace.dylib
0x00007ff80e172000 	/usr/lib/system/libunwind.dylib
0x00007ff8030e8000 	/usr/lib/system/libxpc.dylib
0x00007ff803361000 	/usr/lib/libc++abi.dylib
0x00007ff803242000 	/usr/lib/libobjc.A.dylib
0x00007ff80e17d000 	/usr/lib/liboah.dylib
0x00007ff803308000 	/usr/lib/libc++.1.dylib
0x00007ff81a228000 	/System/Library/Frameworks/Cocoa.framework/Versions/A/Cocoa
0x00007ff805e75000 	/System/Library/Frameworks/AppKit.framework/Versions/C/AppKit
0x00007ff80938c000 	/System/Library/Frameworks/CoreData.framework/Versions/A/CoreData
0x00007ff804278000 	/System/Library/Frameworks/Foundation.framework/Versions/C/Foundation
0x00007ff806d05000 	/System/Library/PrivateFrameworks/UIFoundation.framework/Versions/A/UIFoundation
0x00007ff814125000 	/System/Library/PrivateFrameworks/RemoteViewServices.framework/Versions/A/RemoteViewServices
0x00007ff80c403000 	/System/Library/PrivateFrameworks/XCTTargetBootstrap.framework/Versions/A/XCTTargetBootstrap
0x00007ff80ffbb000 	/System/Library/PrivateFrameworks/InternationalSupport.framework/Versions/A/InternationalSupport
0x00007ff810045000 	/System/Library/PrivateFrameworks/UserActivity.framework/Versions/A/UserActivity
0x00007ff80f397000 	/usr/lib/libspindump.dylib
0x00007ff806f94000 	/System/Library/Frameworks/UniformTypeIdentifiers.framework/Versions/A/UniformTypeIdentifiers
0x00007ff80ab27000 	/usr/lib/libapp_launch_measurement.dylib
0x00007ff809d5e000 	/System/Library/PrivateFrameworks/CoreAnalytics.framework/Versions/A/CoreAnalytics
0x00007ff80ab2a000 	/System/Library/PrivateFrameworks/CoreAutoLayout.framework/Versions/A/CoreAutoLayout
0x00007ff80bd5a000 	/System/Library/Frameworks/Metal.framework/Versions/A/Metal
0x00007ff80ca89000 	/usr/lib/liblangid.dylib
0x00007ff80c408000 	/System/Library/PrivateFrameworks/CoreSVG.framework/Versions/A/CoreSVG
0x00007ff808380000 	/System/Library/PrivateFrameworks/SkyLight.framework/Versions/A/SkyLight
0x00007ff80871f000 	/System/Library/Frameworks/CoreGraphics.framework/Versions/A/CoreGraphics
0x00007ff8147e5000 	/System/Library/Frameworks/Accelerate.framework/Versions/A/Accelerate
0x00007ff80ee16000 	/System/Library/PrivateFrameworks/IconServices.framework/Versions/A/IconServices
0x00007ff80bd3f000 	/System/Library/Frameworks/IOSurface.framework/Versions/A/IOSurface
0x00007ff809d8c000 	/usr/lib/libDiagnosticMessagesClient.dylib
0x00007ff817ecc000 	/System/Library/Frameworks/ApplicationServices.framework/Versions/A/ApplicationServices
0x00007ff80c3ef000 	/System/Library/PrivateFrameworks/DFRFoundation.framework/Versions/A/DFRFoundation
0x00007ff80575d000 	/usr/lib/libicucore.A.dylib
0x00007ff810db1000 	/System/Library/Frameworks/AudioToolbox.framework/Versions/A/AudioToolbox
0x00007ff80ffc7000 	/System/Library/PrivateFrameworks/DataDetectorsCore.framework/Versions/A/DataDetectorsCore
0x00007ff90c4c3000 	/System/Library/PrivateFrameworks/TextInput.framework/Versions/A/TextInput
0x00007ff808303000 	/usr/lib/libMobileGestalt.dylib
0x00007ff80c0fb000 	/System/Library/Frameworks/Carbon.framework/Versions/A/Frameworks/HIToolbox.framework/Versions/A/HIToolbox
0x00007ff80a529000 	/System/Library/Frameworks/QuartzCore.framework/Versions/A/QuartzCore
0x00007ff805402000 	/System/Library/Frameworks/Security.framework/Versions/A/Security
0x00007ff81415d000 	/System/Library/Frameworks/Carbon.framework/Versions/A/Frameworks/SpeechRecognition.framework/Versions/A/SpeechRecognition
0x00007ff80a887000 	/System/Library/PrivateFrameworks/CoreUI.framework/Versions/A/CoreUI
0x00007ff804ccc000 	/System/Library/Frameworks/CoreAudio.framework/Versions/A/CoreAudio
0x00007ff809e7b000 	/System/Library/Frameworks/DiskArbitration.framework/Versions/A/DiskArbitration
0x00007ff80f787000 	/System/Library/PrivateFrameworks/MultitouchSupport.framework/Versions/A/MultitouchSupport
0x00007ff808302000 	/usr/lib/libenergytrace.dylib
0x00007ff805d61000 	/System/Library/Frameworks/IOKit.framework/Versions/A/IOKit
0x00007ff81454d000 	/System/Library/Frameworks/CoreServices.framework/Versions/A/CoreServices
0x00007ff80aac1000 	/System/Library/PrivateFrameworks/PerformanceAnalysis.framework/Versions/A/PerformanceAnalysis
0x00007ffa1c1a2000 	/System/Library/Frameworks/OpenGL.framework/Versions/A/OpenGL
0x00007ff80d6eb000 	/System/Library/PrivateFrameworks/MobileKeyBag.framework/Versions/A/MobileKeyBag
0x00007ff808deb000 	/System/Library/Frameworks/ColorSync.framework/Versions/A/ColorSync
0x00007ff8033fc000 	/System/Library/Frameworks/CoreFoundation.framework/Versions/A/CoreFoundation
0x00007ff80c67f000 	/System/Library/Frameworks/CoreImage.framework/Versions/A/CoreImage
0x00007ff804ae0000 	/System/Library/Frameworks/CoreText.framework/Versions/A/CoreText
0x00007ff80c438000 	/System/Library/Frameworks/ImageIO.framework/Versions/A/ImageIO
0x00007ff80e1b5000 	/System/Library/PrivateFrameworks/SoftLinking.framework/Versions/A/SoftLinking
0x00007ff80ab72000 	/usr/lib/libxml2.2.dylib
0x00007ff80e439000 	/usr/lib/libcompression.dylib
0x00007ff80feee000 	/System/Library/PrivateFrameworks/TextureIO.framework/Versions/A/TextureIO
0x00007ff80eb27000 	/usr/lib/libate.dylib
0x00007ff80e903000 	/usr/lib/liblzma.5.dylib
0x00007ff803f8a000 	/System/Library/Frameworks/SystemConfiguration.framework/Versions/A/SystemConfiguration
0x00007ff80e1b1000 	/usr/lib/libfakelink.dylib
0x00007ff807e5b000 	/System/Library/Frameworks/CFNetwork.framework/Versions/A/CFNetwork
0x00007ff80e2f2000 	/usr/lib/libarchive.2.dylib
0x00007ff80ca85000 	/System/Library/PrivateFrameworks/AppleSystemInfo.framework/Versions/A/AppleSystemInfo
0x00007ff80d7ec000 	/usr/lib/libbsm.0.dylib
0x00007ff80746a000 	/usr/lib/libnetwork.dylib
0x00007ff80e14a000 	/usr/lib/system/libkxld.dylib
0x00007ff80d41f000 	/System/Library/PrivateFrameworks/IOMobileFramebuffer.framework/Versions/A/IOMobileFramebuffer
0x00007ffb1bb7d000 	/usr/lib/libCoreEntitlements.dylib
0x00007ff80de5e000 	/System/Library/PrivateFrameworks/AppleFSCompression.framework/Versions/A/AppleFSCompression
0x00007ff80d7d4000 	/usr/lib/libcoretls.dylib
0x00007ff80e91d000 	/usr/lib/libcoretls_cfhelpers.dylib
0x00007ff80e434000 	/usr/lib/libpam.2.dylib
0x00007ff8097bd000 	/usr/lib/libsqlite3.dylib
0x00007ff80e98c000 	/usr/lib/libxar.1.dylib
0x00007ff80de6e000 	/usr/lib/libbz2.1.0.dylib
0x00007ff80e1b6000 	/usr/lib/libpcap.A.dylib
0x00007ff809b96000 	/usr/lib/libdns_services.dylib
0x00007ff80e404000 	/usr/lib/libapple_nghttp2.dylib
0x00007ff80e1f0000 	/usr/lib/libiconv.2.dylib
0x00007ff80e143000 	/usr/lib/libcharset.1.dylib
0x00007ff80aaf5000 	/System/Library/Frameworks/CoreServices.framework/Versions/A/Frameworks/FSEvents.framework/Versions/A/FSEvents
0x00007ff8059fb000 	/System/Library/Frameworks/CoreServices.framework/Versions/A/Frameworks/CarbonCore.framework/Versions/A/CarbonCore
0x00007ff809ddf000 	/System/Library/Frameworks/CoreServices.framework/Versions/A/Frameworks/Metadata.framework/Versions/A/Metadata
0x00007ff80de81000 	/System/Library/Frameworks/CoreServices.framework/Versions/A/Frameworks/OSServices.framework/Versions/A/OSServices
0x00007ff80e379000 	/System/Library/Frameworks/CoreServices.framework/Versions/A/Frameworks/SearchKit.framework/Versions/A/SearchKit
0x00007ff809b28000 	/System/Library/Frameworks/CoreServices.framework/Versions/A/Frameworks/AE.framework/Versions/A/AE
0x00007ff8038ff000 	/System/Library/Frameworks/CoreServices.framework/Versions/A/Frameworks/LaunchServices.framework/Versions/A/LaunchServices
0x00007ff80e8b4000 	/System/Library/Frameworks/CoreServices.framework/Versions/A/Frameworks/DictionaryServices.framework/Versions/A/DictionaryServices
0x00007ff80ab02000 	/System/Library/Frameworks/CoreServices.framework/Versions/A/Frameworks/SharedFileList.framework/Versions/A/SharedFileList
0x00007ff80d7c8000 	/usr/lib/libCheckFix.dylib
0x00007ff808367000 	/System/Library/PrivateFrameworks/TCC.framework/Versions/A/TCC
0x00007ff80ca8b000 	/System/Library/PrivateFrameworks/CoreNLP.framework/Versions/A/CoreNLP
0x00007ff809d8f000 	/System/Library/PrivateFrameworks/MetadataUtilities.framework/Versions/A/MetadataUtilities
0x00007ff80403b000 	/usr/lib/libmecabra.dylib
0x00007ff80d7fc000 	/usr/lib/libmecab.dylib
0x00007ff804006000 	/usr/lib/libCRFSuite.dylib
0x00007ff80d856000 	/usr/lib/libgermantok.dylib
0x00007ff80e3df000 	/usr/lib/libThaiTokenizer.dylib
0x00007ff809e82000 	/System/Library/Frameworks/Accelerate.framework/Versions/A/Frameworks/vImage.framework/Versions/A/vImage
0x00007ff814524000 	/System/Library/Frameworks/Accelerate.framework/Versions/A/Frameworks/vecLib.framework/Versions/A/vecLib
0x00007ff80e9cd000 	/System/Library/Frameworks/Accelerate.framework/Versions/A/Frameworks/vecLib.framework/Versions/A/libvMisc.dylib
0x00007ff80d24a000 	/System/Library/Frameworks/Accelerate.framework/Versions/A/Frameworks/vecLib.framework/Versions/A/libvDSP.dylib
0x00007ff803c7a000 	/System/Library/Frameworks/Accelerate.framework/Versions/A/Frameworks/vecLib.framework/Versions/A/libBLAS.dylib
0x00007ff80e516000 	/System/Library/Frameworks/Accelerate.framework/Versions/A/Frameworks/vecLib.framework/Versions/A/libLAPACK.dylib
0x00007ff80d859000 	/System/Library/Frameworks/Accelerate.framework/Versions/A/Frameworks/vecLib.framework/Versions/A/libLinearAlgebra.dylib
0x00007ff80e41c000 	/System/Library/Frameworks/Accelerate.framework/Versions/A/Frameworks/vecLib.framework/Versions/A/libSparseBLAS.dylib
0x00007ff80e510000 	/System/Library/Frameworks/Accelerate.framework/Versions/A/Frameworks/vecLib.framework/Versions/A/libQuadrature.dylib
0x00007ff80cb76000 	/System/Library/Frameworks/Accelerate.framework/Versions/A/Frameworks/vecLib.framework/Versions/A/libBNNS.dylib
0x00007ff803f14000 	/System/Library/Frameworks/Accelerate.framework/Versions/A/Frameworks/vecLib.framework/Versions/A/libSparse.dylib
0x00007ff80cb6f000 	/System/Library/PrivateFrameworks/LinguisticData.framework/Versions/A/LinguisticData
0x00007ff803eca000 	/System/Library/PrivateFrameworks/Lexicon.framework/Versions/A/Lexicon
0x00007ff80e9c6000 	/usr/lib/libChineseTokenizer.dylib
0x00007ff804635000 	/System/Library/PrivateFrameworks/LanguageModeling.framework/Versions/A/LanguageModeling
0x00007ff80e3e1000 	/System/Library/PrivateFrameworks/AppleSauce.framework/Versions/A/AppleSauce
0x00007ff80d40d000 	/System/Library/PrivateFrameworks/CoreEmoji.framework/Versions/A/CoreEmoji
0x00007ff80e2e1000 	/usr/lib/libcmph.dylib
0x00007ff80aad9000 	/System/Library/Frameworks/OpenDirectory.framework/Versions/A/Frameworks/CFOpenDirectory.framework/Versions/A/CFOpenDirectory
0x00007ff80aacd000 	/System/Library/Frameworks/OpenDirectory.framework/Versions/A/OpenDirectory
0x00007ff80e91f000 	/System/Library/PrivateFrameworks/APFS.framework/Versions/A/APFS
0x00007ff80d723000 	/System/Library/Frameworks/SecurityFoundation.framework/Versions/A/SecurityFoundation
0x00007ff80e99a000 	/usr/lib/libutil.dylib
0x00007ff805d25000 	/System/Library/PrivateFrameworks/CoreServicesStore.framework/Versions/A/CoreServicesStore
0x00007ff80e99e000 	/usr/lib/libxslt.1.dylib
0x00007ff80d7b0000 	/System/Library/PrivateFrameworks/BackgroundTaskManagement.framework/Versions/A/BackgroundTaskManagement
0x00007ff80fe0e000 	/System/Library/Frameworks/ImageIO.framework/Versions/A/Resources/libRadiance.dylib
0x00007ff80fe17000 	/System/Library/Frameworks/ImageIO.framework/Versions/A/Resources/libJPEG.dylib
0x00007ff80fd66000 	/System/Library/Frameworks/ImageIO.framework/Versions/A/Resources/libPng.dylib
0x00007ff80fd87000 	/System/Library/Frameworks/ImageIO.framework/Versions/A/Resources/libTIFF.dylib
0x00007ff80fe77000 	/System/Library/Frameworks/ImageIO.framework/Versions/A/Resources/libGIF.dylib
0x00007ff80f6a1000 	/System/Library/Frameworks/ImageIO.framework/Versions/A/Resources/libJP2.dylib
0x00007ff80eddc000 	/usr/lib/libexpat.1.dylib
0x00007ff80f656000 	/System/Library/PrivateFrameworks/AppleJPEG.framework/Versions/A/AppleJPEG
0x00007ff80bfbf000 	/System/Library/PrivateFrameworks/FontServices.framework/libFontParser.dylib
0x00007ff809ad2000 	/System/Library/PrivateFrameworks/RunningBoardServices.framework/Versions/A/RunningBoardServices
0x00007ff81a7e3000 	/System/Library/PrivateFrameworks/IOSurfaceAccelerator.framework/Versions/A/IOSurfaceAccelerator
0x00007ff80f783000 	/System/Library/PrivateFrameworks/WatchdogClient.framework/Versions/A/WatchdogClient
0x00007ff804723000 	/System/Library/Frameworks/CoreDisplay.framework/Versions/A/CoreDisplay
0x00007ff80bebd000 	/System/Library/Frameworks/CoreMedia.framework/Versions/A/CoreMedia
0x00007ff80bd51000 	/System/Library/PrivateFrameworks/IOAccelerator.framework/Versions/A/IOAccelerator
0x00007ff80ac56000 	/System/Library/Frameworks/CoreVideo.framework/Versions/A/CoreVideo
0x00007ff80e432000 	/System/Library/Frameworks/MetalPerformanceShaders.framework/Versions/A/MetalPerformanceShaders
0x00007ff80f7c0000 	/System/Library/Frameworks/VideoToolbox.framework/Versions/A/VideoToolbox
0x00007ff809a1c000 	/System/Library/PrivateFrameworks/BaseBoard.framework/Versions/A/BaseBoard
0x00007ff8097a3000 	/System/Library/PrivateFrameworks/ProtocolBuffer.framework/Versions/A/ProtocolBuffer
0x00007ff80fe07000 	/System/Library/PrivateFrameworks/GPUWrangler.framework/Versions/A/GPUWrangler
0x00007ff80fdeb000 	/System/Library/PrivateFrameworks/IOPresentment.framework/Versions/A/IOPresentment
0x00007ff80fe11000 	/System/Library/PrivateFrameworks/DSExternalDisplay.framework/Versions/A/DSExternalDisplay
0x00007ffa1c196000 	/System/Library/Frameworks/OpenGL.framework/Versions/A/Libraries/libCoreFSCache.dylib
0x00007ffb0926c000 	/System/Library/PrivateFrameworks/GPUCompiler.framework/Versions/31001/Libraries/libGPUCompilerUtils.dylib
0x00007ff80fe7c000 	/System/Library/PrivateFrameworks/CMCaptureCore.framework/Versions/A/CMCaptureCore
0x00007ff80f385000 	/System/Library/PrivateFrameworks/AppServerSupport.framework/Versions/A/AppServerSupport
0x00007ff81164a000 	/System/Library/PrivateFrameworks/perfdata.framework/Versions/A/perfdata
0x00007ff80484f000 	/System/Library/PrivateFrameworks/AudioToolboxCore.framework/Versions/A/AudioToolboxCore
0x00007ff80be9b000 	/System/Library/PrivateFrameworks/caulk.framework/Versions/A/caulk
0x00007ff810f5c000 	/usr/lib/libAudioStatistics.dylib
0x00007ff908c51000 	/System/Library/PrivateFrameworks/SystemPolicy.framework/Versions/A/SystemPolicy
0x00007ff8111b7000 	/usr/lib/libSMC.dylib
0x00007ff81a0db000 	/System/Library/Frameworks/CoreMIDI.framework/Versions/A/CoreMIDI
0x00007ff80fd35000 	/usr/lib/libAudioToolboxUtility.dylib
0x00007ff904e79000 	/System/Library/PrivateFrameworks/OSAServicesClient.framework/Versions/A/OSAServicesClient
0x00007ff811657000 	/usr/lib/libperfcheck.dylib
0x00007ff9096fe000 	/usr/lib/libmis.dylib
0x00007ffa1c1f1000 	/System/Library/Frameworks/OpenGL.framework/Versions/A/Libraries/libGLU.dylib
0x00007ffa1c1b5000 	/System/Library/Frameworks/OpenGL.framework/Versions/A/Libraries/libGFXShared.dylib
0x00007ffa1c3be000 	/System/Library/Frameworks/OpenGL.framework/Versions/A/Libraries/libGL.dylib
0x00007ffa1c1be000 	/System/Library/Frameworks/OpenGL.framework/Versions/A/Libraries/libGLImage.dylib
0x00007ffa1c1b2000 	/System/Library/Frameworks/OpenGL.framework/Versions/A/Libraries/libCVMSPluginSupport.dylib
0x00007ffa1c19d000 	/System/Library/Frameworks/OpenGL.framework/Versions/A/Libraries/libCoreVMClient.dylib
0x00007ff80ca07000 	/System/Library/Frameworks/MetalPerformanceShaders.framework/Versions/A/Frameworks/MPSCore.framework/Versions/A/MPSCore
0x00007ff80ddc9000 	/System/Library/Frameworks/MetalPerformanceShaders.framework/Versions/A/Frameworks/MPSImage.framework/Versions/A/MPSImage
0x00007ff80d86f000 	/System/Library/Frameworks/MetalPerformanceShaders.framework/Versions/A/Frameworks/MPSNeuralNetwork.framework/Versions/A/MPSNeuralNetwork
0x00007ff80dce3000 	/System/Library/Frameworks/MetalPerformanceShaders.framework/Versions/A/Frameworks/MPSMatrix.framework/Versions/A/MPSMatrix
0x00007ff80da9e000 	/System/Library/Frameworks/MetalPerformanceShaders.framework/Versions/A/Frameworks/MPSRayIntersector.framework/Versions/A/MPSRayIntersector
0x00007ff80dd1b000 	/System/Library/Frameworks/MetalPerformanceShaders.framework/Versions/A/Frameworks/MPSNDArray.framework/Versions/A/MPSNDArray
0x00007ffa21c76000 	/System/Library/Frameworks/MetalPerformanceShaders.framework/Versions/A/Frameworks/MPSFunctions.framework/Versions/A/MPSFunctions
0x00007ff803b56000 	/System/Library/PrivateFrameworks/MetalTools.framework/Versions/A/MetalTools
0x00007ff80ca83000 	/System/Library/PrivateFrameworks/AggregateDictionary.framework/Versions/A/AggregateDictionary
0x00007ff80ebbe000 	/usr/lib/libIOReport.dylib
0x00007ffa1d7cd000 	/System/Library/Frameworks/OpenCL.framework/Versions/A/OpenCL
0x00007ff80ef23000 	/System/Library/PrivateFrameworks/FaceCore.framework/Versions/A/FaceCore
0x00007ff80ef14000 	/System/Library/PrivateFrameworks/GraphVisualizer.framework/Versions/A/GraphVisualizer
0x00007ffb09177000 	/System/Library/PrivateFrameworks/FontServices.framework/Versions/A/FontServices
0x00007ff80f33d000 	/System/Library/PrivateFrameworks/OTSVG.framework/Versions/A/OTSVG
0x00007ff80a83c000 	/System/Library/Frameworks/ApplicationServices.framework/Versions/A/Frameworks/ATS.framework/Versions/A/Resources/libFontRegistry.dylib
0x00007ff80f38d000 	/System/Library/PrivateFrameworks/FontServices.framework/libhvf.dylib
0x00007ffb09178000 	/System/Library/PrivateFrameworks/FontServices.framework/libXTFontStaticRegistryData.dylib
0x00007ff80ed8c000 	/System/Library/PrivateFrameworks/AppleVA.framework/Versions/A/AppleVA
0x00007ff810f7c000 	/System/Library/Frameworks/ApplicationServices.framework/Versions/A/Frameworks/ATS.framework/Versions/A/ATS
0x00007ff808ee9000 	/System/Library/Frameworks/ApplicationServices.framework/Versions/A/Frameworks/HIServices.framework/Versions/A/HIServices
0x00007ff80fe86000 	/System/Library/Frameworks/ApplicationServices.framework/Versions/A/Frameworks/PrintCore.framework/Versions/A/PrintCore
0x00007ff81130a000 	/System/Library/Frameworks/ApplicationServices.framework/Versions/A/Frameworks/QD.framework/Versions/A/QD
0x00007ff811302000 	/System/Library/Frameworks/ApplicationServices.framework/Versions/A/Frameworks/ColorSyncLegacy.framework/Versions/A/ColorSyncLegacy
0x00007ff810f6c000 	/System/Library/Frameworks/ApplicationServices.framework/Versions/A/Frameworks/SpeechSynthesis.framework/Versions/A/SpeechSynthesis
0x00007ff80fe47000 	/System/Library/Frameworks/ApplicationServices.framework/Versions/A/Frameworks/ATSUI.framework/Versions/A/ATSUI
0x00007ff811297000 	/usr/lib/libcups.2.dylib
0x00007ff811666000 	/System/Library/Frameworks/Kerberos.framework/Versions/A/Kerberos
0x00007ff811675000 	/System/Library/Frameworks/GSS.framework/Versions/A/GSS
0x00007ff810fe8000 	/usr/lib/libresolv.9.dylib
0x00007ff80f39c000 	/System/Library/PrivateFrameworks/Heimdal.framework/Versions/A/Heimdal
0x00007ff81825e000 	/System/Library/Frameworks/Kerberos.framework/Versions/A/Libraries/libHeimdalProxy.dylib
0x00007ff809ba6000 	/System/Library/Frameworks/Network.framework/Versions/A/Network
0x00007ff80edf7000 	/usr/lib/libheimdal-asn1.dylib
0x00007ff8116c0000 	/System/Library/PrivateFrameworks/CommonAuth.framework/Versions/A/CommonAuth
0x00007ff810eee000 	/System/Library/PrivateFrameworks/AudioSession.framework/Versions/A/AudioSession
0x00007ff80ee87000 	/System/Library/PrivateFrameworks/MediaExperience.framework/Versions/A/MediaExperience
0x00007ff810d80000 	/System/Library/PrivateFrameworks/AudioSession.framework/libSessionUtility.dylib
0x00007ff811316000 	/System/Library/PrivateFrameworks/AudioResourceArbitration.framework/Versions/A/AudioResourceArbitration
0x00007ff815397000 	/System/Library/PrivateFrameworks/PowerLog.framework/Versions/A/PowerLog
0x00007ff80ee00000 	/System/Library/PrivateFrameworks/IconFoundation.framework/Versions/A/IconFoundation
0x00007ff81414d000 	/System/Library/PrivateFrameworks/SpeechRecognitionCore.framework/Versions/A/SpeechRecognitionCore
0x00000001076d8000 	/Library/Java/JavaVirtualMachines/jdk-17.0.5.jdk/Contents/Home/lib/server/libjvm.dylib
0x00000001066d9000 	/Library/Java/JavaVirtualMachines/jdk-17.0.5.jdk/Contents/Home/lib/libjimage.dylib
0x0000000106757000 	/Library/Java/JavaVirtualMachines/jdk-17.0.5.jdk/Contents/Home/lib/libjava.dylib
0x00000001075bd000 	/Library/Java/JavaVirtualMachines/jdk-17.0.5.jdk/Contents/Home/lib/libnio.dylib
0x00000001075f7000 	/Library/Java/JavaVirtualMachines/jdk-17.0.5.jdk/Contents/Home/lib/libnet.dylib
0x00000001075d9000 	/Library/Java/JavaVirtualMachines/jdk-17.0.5.jdk/Contents/Home/lib/libzip.dylib
0x00000001075a2000 	/Users/estebannajera/.openjfx/cache/13.0.1/libprism_es2.dylib
0x00007ff805ce7000 	/System/Library/PrivateFrameworks/CoreServicesInternal.framework/Versions/A/CoreServicesInternal
0x00007ffa1c3c9000 	/System/Library/Frameworks/OpenGL.framework/Versions/A/Resources/GLEngine.bundle/GLEngine
0x00007ffa1c22f000 	/System/Library/Frameworks/OpenGL.framework/Versions/A/Libraries/libGLProgrammability.dylib
0x00007ffa14b9b000 	/System/Library/Extensions/AppleIntelBDWGraphicsGLDriver.bundle/Contents/MacOS/AppleIntelBDWGraphicsGLDriver
0x00007ff913899000 	/System/Library/PrivateFrameworks/GPUSupport.framework/Versions/A/Libraries/libGPUSupportMercury.dylib
0x00007ffa1c553000 	/System/Library/Frameworks/OpenGL.framework/Versions/A/Resources/GLRendererFloat.bundle/GLRendererFloat
0x0000000109a37000 	/Users/estebannajera/.openjfx/cache/13.0.1/libglass.dylib
0x00007ff815988000 	/System/Library/Frameworks/FileProvider.framework/Versions/A/FileProvider
0x00007ff809989000 	/System/Library/Frameworks/Accounts.framework/Versions/A/Accounts
0x00007ff815b01000 	/System/Library/PrivateFrameworks/GenerationalStorage.framework/Versions/A/GenerationalStorage
0x00007ff816612000 	/System/Library/PrivateFrameworks/CoreSymbolication.framework/Versions/A/CoreSymbolication
0x00007ff81538c000 	/System/Library/PrivateFrameworks/SymptomDiagnosticReporter.framework/Versions/A/SymptomDiagnosticReporter
0x00007ff806fa8000 	/System/Library/PrivateFrameworks/DesktopServicesPriv.framework/Versions/A/DesktopServicesPriv
0x00007ff805e26000 	/usr/lib/libsandbox.1.dylib
0x00007ff80acd5000 	/System/Library/PrivateFrameworks/UserManagement.framework/Versions/A/UserManagement
0x00007ff8165d7000 	/System/Library/PrivateFrameworks/DebugSymbols.framework/Versions/A/DebugSymbols
0x00007ff8112f7000 	/System/Library/PrivateFrameworks/NetAuth.framework/Versions/A/NetAuth
0x00007ff812206000 	/System/Library/PrivateFrameworks/Sharing.framework/Versions/A/Sharing
0x00007ff80aca8000 	/System/Library/PrivateFrameworks/login.framework/Versions/A/Frameworks/loginsupport.framework/Versions/A/loginsupport
0x00007ff817775000 	/System/Library/PrivateFrameworks/Apple80211.framework/Versions/A/Apple80211
0x00007ff80deae000 	/System/Library/PrivateFrameworks/AuthKit.framework/Versions/A/AuthKit
0x00007ff80d503000 	/System/Library/PrivateFrameworks/CoreUtils.framework/Versions/A/CoreUtils
0x00007ff80d42a000 	/System/Library/Frameworks/CoreWLAN.framework/Versions/A/CoreWLAN
0x00007ff812365000 	/System/Library/Frameworks/IOBluetooth.framework/Versions/A/IOBluetooth
0x00007ff8177dd000 	/System/Library/PrivateFrameworks/CoreWiFi.framework/Versions/A/CoreWiFi
0x00007ff8161ab000 	/System/Library/PrivateFrameworks/FrontBoardServices.framework/Versions/A/FrontBoardServices
0x00007ff81623c000 	/System/Library/PrivateFrameworks/BoardServices.framework/Versions/A/BoardServices
0x00007ff80d712000 	/System/Library/PrivateFrameworks/AssertionServices.framework/Versions/A/AssertionServices
0x00007ff817960000 	/System/Library/PrivateFrameworks/BackBoardServices.framework/Versions/A/BackBoardServices
0x00007ff811751000 	/System/Library/PrivateFrameworks/CorePhoneNumbers.framework/Versions/A/CorePhoneNumbers
0x00007ff811015000 	/System/Library/PrivateFrameworks/MultiverseSupport.framework/Versions/A/MultiverseSupport
0x00007ff817bd4000 	/System/Library/PrivateFrameworks/RemoteServiceDiscovery.framework/Versions/A/RemoteServiceDiscovery
0x00007ff8154a9000 	/System/Library/PrivateFrameworks/DiskManagement.framework/Versions/A/DiskManagement
0x00007ff8153bd000 	/System/Library/PrivateFrameworks/AppleIDAuthSupport.framework/Versions/A/AppleIDAuthSupport
0x00007ffb03af2000 	/System/Library/PrivateFrameworks/AAAFoundation.framework/Versions/A/AAAFoundation
0x00007ff811732000 	/System/Library/PrivateFrameworks/KeychainCircle.framework/Versions/A/KeychainCircle
0x00007ff817be4000 	/System/Library/PrivateFrameworks/RemoteXPC.framework/Versions/A/RemoteXPC
0x00007ff815475000 	/System/Library/PrivateFrameworks/MediaKit.framework/Versions/A/MediaKit
0x00007ff8153c9000 	/System/Library/Frameworks/DiscRecording.framework/Versions/A/DiscRecording
0x00007ff80ed04000 	/usr/lib/libCoreStorage.dylib
0x00007ff817c4f000 	/usr/lib/libcsfde.dylib
0x00007ff812432000 	/System/Library/PrivateFrameworks/ProtectedCloudStorage.framework/Versions/A/ProtectedCloudStorage
0x00007ff817c4b000 	/System/Library/PrivateFrameworks/EFILogin.framework/Versions/A/EFILogin
0x00007ff815b27000 	/System/Library/PrivateFrameworks/OctagonTrust.framework/Versions/A/OctagonTrust
0x00007ffb083da000 	/System/Library/PrivateFrameworks/CoreUtilsExtras.framework/Versions/A/CoreUtilsExtras
0x00007ff8152f0000 	/System/Library/Frameworks/CoreBluetooth.framework/Versions/A/CoreBluetooth
0x00007ff8182e3000 	/System/Library/Frameworks/AudioUnit.framework/Versions/A/AudioUnit
0x00007ff80ecfc000 	/usr/lib/libMatch.1.dylib
0x00007ff90dd22000 	/System/Library/Frameworks/Accelerate.framework/Versions/A/Frameworks/vImage.framework/Versions/A/Libraries/libCGInterfaces.dylib
0x0000000129371000 	/usr/lib/libobjc-trampolines.dylib
0x00007ff80a9cd000 	/System/Library/PrivateFrameworks/ViewBridge.framework/Versions/A/ViewBridge
0x000000012b655000 	/Users/estebannajera/.openjfx/cache/13.0.1/libjavafx_font.dylib
0x00007ff80f454000 	/System/Library/PrivateFrameworks/login.framework/Versions/A/login
0x00007ffb1bc6c000 	/usr/lib/libRosetta.dylib
0x00007ff814869000 	/System/Library/PrivateFrameworks/SystemAdministration.framework/Versions/A/SystemAdministration
0x00007ff8100b0000 	/System/Library/Frameworks/MediaToolbox.framework/Versions/A/MediaToolbox
0x00007ff814119000 	/System/Library/Frameworks/DirectoryService.framework/Versions/A/DirectoryService
0x00007ff817aec000 	/System/Library/PrivateFrameworks/DiskImages.framework/Versions/A/DiskImages
0x00007ff80d7ba000 	/System/Library/Frameworks/ServiceManagement.framework/Versions/A/ServiceManagement
0x00007ff817ccc000 	/System/Library/PrivateFrameworks/LoginUIKit.framework/Versions/A/Frameworks/LoginUICore.framework/Versions/A/LoginUICore
0x00007ff80f5fd000 	/usr/lib/libodfde.dylib
0x00007ff815958000 	/System/Library/PrivateFrameworks/CoreAVCHD.framework/Versions/A/CoreAVCHD
0x00007ff81482d000 	/System/Library/Frameworks/MediaAccessibility.framework/Versions/A/MediaAccessibility
0x00007ff815954000 	/System/Library/PrivateFrameworks/Mangrove.framework/Versions/A/Mangrove
0x00007ff814838000 	/System/Library/PrivateFrameworks/AlgosScoreFramework.framework/Versions/A/AlgosScoreFramework
0x00007ffb056ce000 	/System/Library/PrivateFrameworks/CMPhoto.framework/Versions/A/CMPhoto
0x00007ff8164ad000 	/System/Library/PrivateFrameworks/AppleVPA.framework/Versions/A/AppleVPA
0x00007ff815599000 	/System/Library/PrivateFrameworks/CoreAUC.framework/Versions/A/CoreAUC
0x00007ff817c5b000 	/usr/lib/libcurl.4.dylib
0x00007ffb1c0d8000 	/usr/lib/libcrypto.46.dylib
0x00007ffb1c5cd000 	/usr/lib/libssl.48.dylib
0x00007ff81797e000 	/System/Library/Frameworks/LDAP.framework/Versions/A/LDAP
0x00007ff8179b6000 	/System/Library/PrivateFrameworks/TrustEvaluationAgent.framework/Versions/A/TrustEvaluationAgent
0x00007ff811001000 	/usr/lib/libsasl2.2.dylib
0x00007ff81485d000 	/System/Library/PrivateFrameworks/CoreDaemon.framework/Versions/B/CoreDaemon
0x00007ff814858000 	/System/Library/PrivateFrameworks/AppleSRP.framework/Versions/A/AppleSRP


VM Arguments:
jvm_args: --module-path=/Users/estebannajera/Documents/UNA/Semestre V/Proyectos-So/Arboretum/target/classes:/Users/estebannajera/.m2/repository/com/fasterxml/jackson/core/jackson-annotations/2.12.4/jackson-annotations-2.12.4.jar:/Users/estebannajera/.m2/repository/com/fasterxml/jackson/core/jackson-core/2.12.4/jackson-core-2.12.4.jar:/Users/estebannajera/.m2/repository/com/fasterxml/jackson/core/jackson-databind/2.12.4/jackson-databind-2.12.4.jar:/Users/estebannajera/.m2/repository/io/github/typhon0/AnimateFX/1.2.4/AnimateFX-1.2.4.jar:/Users/estebannajera/.m2/repository/org/openjfx/javafx-base/13.0.1/javafx-base-13.0.1-mac.jar:/Users/estebannajera/.m2/repository/org/openjfx/javafx-controls/13/javafx-controls-13-mac.jar:/Users/estebannajera/.m2/repository/org/openjfx/javafx-fxml/13/javafx-fxml-13-mac.jar:/Users/estebannajera/.m2/repository/org/openjfx/javafx-graphics/13.0.1/javafx-graphics-13.0.1-mac.jar:/Users/estebannajera/.m2/repository/org/openjfx/javafx-media/13.0.1/javafx-media-13.0.1-mac.jar --add-modules=com.arboretum -Djdk.module.main=com.arboretum 
java_command: com.arboretum/com.arboretum.App
java_class_path (initial): /Users/estebannajera/Documents/UNA/Semestre V/Proyectos-So/Arboretum/target/classes:/Users/estebannajera/.m2/repository/org/openjfx/javafx-base/13.0.1/javafx-base-13.0.1.jar:/Users/estebannajera/.m2/repository/org/openjfx/javafx-controls/13/javafx-controls-13.jar:/Users/estebannajera/.m2/repository/org/openjfx/javafx-fxml/13/javafx-fxml-13.jar:/Users/estebannajera/.m2/repository/org/openjfx/javafx-graphics/13.0.1/javafx-graphics-13.0.1.jar:/Users/estebannajera/.m2/repository/org/openjfx/javafx-media/13.0.1/javafx-media-13.0.1.jar
Launcher Type: SUN_STANDARD

[Global flags]
     intx CICompilerCount                          = 3                                         {product} {ergonomic}
     uint ConcGCThreads                            = 1                                         {product} {ergonomic}
     uint G1ConcRefinementThreads                  = 4                                         {product} {ergonomic}
   size_t G1HeapRegionSize                         = 1048576                                   {product} {ergonomic}
    uintx GCDrainStackTargetSize                   = 64                                        {product} {ergonomic}
   size_t InitialHeapSize                          = 134217728                                 {product} {ergonomic}
   size_t MarkStackSize                            = 4194304                                   {product} {ergonomic}
   size_t MaxHeapSize                              = 2147483648                                {product} {ergonomic}
   size_t MaxNewSize                               = 1287651328                                {product} {ergonomic}
   size_t MinHeapDeltaBytes                        = 1048576                                   {product} {ergonomic}
   size_t MinHeapSize                              = 8388608                                   {product} {ergonomic}
    uintx NonNMethodCodeHeapSize                   = 5832780                                {pd product} {ergonomic}
    uintx NonProfiledCodeHeapSize                  = 122912730                              {pd product} {ergonomic}
    uintx ProfiledCodeHeapSize                     = 122912730                              {pd product} {ergonomic}
    uintx ReservedCodeCacheSize                    = 251658240                              {pd product} {ergonomic}
     bool SegmentedCodeCache                       = true                                      {product} {ergonomic}
   size_t SoftMaxHeapSize                          = 2147483648                             {manageable} {ergonomic}
     bool UseCompressedClassPointers               = true                           {product lp64_product} {ergonomic}
     bool UseCompressedOops                        = true                           {product lp64_product} {ergonomic}
     bool UseG1GC                                  = true                                      {product} {ergonomic}
     bool UseNUMA                                  = false                                     {product} {ergonomic}
     bool UseNUMAInterleaving                      = false                                     {product} {ergonomic}

Logging:
Log output configuration:
 #0: stdout all=warning uptime,level,tags
 #1: stderr all=off uptime,level,tags

Environment Variables:
JAVA_HOME=/Library/Java/JavaVirtualMachines/jdk-17.0.5.jdk/Contents/Home
PATH=/usr/bin:/bin:/usr/sbin:/sbin
SHELL=/bin/zsh
LC_CTYPE=UTF-8

Signal Handlers:
   SIGSEGV: _ZL13crash_handleriP9__siginfoPv in libjvm.dylib, mask=11100110000111110111111111111111, flags=SA_RESTART|SA_SIGINFO
    SIGBUS: _ZL13crash_handleriP9__siginfoPv in libjvm.dylib, mask=11100110000111110111111111111111, flags=SA_RESTART|SA_SIGINFO
    SIGFPE: _ZL13crash_handleriP9__siginfoPv in libjvm.dylib, mask=11100110000111110111111111111111, flags=SA_RESTART|SA_SIGINFO
   SIGPIPE: _ZL17javaSignalHandleriP9__siginfoPv in libjvm.dylib, mask=11100110000111110111111111111111, flags=SA_RESTART|SA_SIGINFO
   SIGXFSZ: _ZL17javaSignalHandleriP9__siginfoPv in libjvm.dylib, mask=11100110000111110111111111111111, flags=SA_RESTART|SA_SIGINFO
    SIGILL: _ZL13crash_handleriP9__siginfoPv in libjvm.dylib, mask=11100110000111110111111111111111, flags=SA_RESTART|SA_SIGINFO
   SIGUSR2: _ZL10SR_handleriP9__siginfoP17__darwin_ucontext in libjvm.dylib, mask=00100000000000000000000000000000, flags=SA_RESTART|SA_SIGINFO
    SIGHUP: _ZL11UserHandleriPvS_ in libjvm.dylib, mask=11100110000111110111111111111111, flags=SA_RESTART|SA_SIGINFO
    SIGINT: SIG_IGN, mask=00000000000000000000000000000000, flags=none
   SIGTERM: _ZL11UserHandleriPvS_ in libjvm.dylib, mask=11100110000111110111111111111111, flags=SA_RESTART|SA_SIGINFO
   SIGQUIT: _ZL11UserHandleriPvS_ in libjvm.dylib, mask=11100110000111110111111111111111, flags=SA_RESTART|SA_SIGINFO
   SIGTRAP: _ZL13crash_handleriP9__siginfoPv in libjvm.dylib, mask=11100110000111110111111111111111, flags=SA_RESTART|SA_SIGINFO


---------------  S Y S T E M  ---------------

OS:
uname: Darwin 21.6.0 Darwin Kernel Version 21.6.0: Thu Mar  9 20:08:59 PST 2023; root:xnu-8020.240.18.700.8~1/RELEASE_X86_64 x86_64
OS uptime: 0 days 3:06 hours
rlimit (soft/hard): STACK 8192k/65532k , CORE 0k/infinity , NPROC 1392/2088 , NOFILE 10240/infinity , AS infinity/infinity , CPU infinity/infinity , DATA infinity/infinity , FSIZE infinity/infinity , MEMLOCK infinity/infinity , RSS infinity/infinity
load average: 3.55 3.65 4.13

CPU: total 4 (initial active 4) (2 cores per cpu, 2 threads per core) family 6 model 61 stepping 4 microcode 0x2f, cx8, cmov, fxsr, ht, mmx, 3dnowpref, sse, sse2, sse3, ssse3, sse4.1, sse4.2, popcnt, lzcnt, tsc, tscinvbit, avx, avx2, aes, erms, clmul, bmi1, bmi2, rtm, adx, fma, vzeroupper, clflush

Memory: 4k page, physical 8388608k(182260k free), swap 0k(0k free)

vm_info: Java HotSpot(TM) 64-Bit Server VM (17.0.5+9-LTS-191) for bsd-amd64 JRE (17.0.5+9-LTS-191), built on Sep 13 2022 16:33:19 by "mach5one" with clang Apple LLVM 12.0.0 (clang-1200.0.32.29)

END.
